Log file open, 10/23/22 18:00:23
LogWindows: Failed to load 'aqProf.dll' (GetLastError=126)
LogWindows: File 'aqProf.dll' does not exist
LogWindows: Failed to load 'VtuneApi.dll' (GetLastError=126)
LogWindows: File 'VtuneApi.dll' does not exist
LogWindows: Failed to load 'VtuneApi32e.dll' (GetLastError=126)
LogWindows: File 'VtuneApi32e.dll' does not exist
LogConsoleResponse: Display: Failed to find resolution value strings in scalability ini. Falling back to default.
LogConsoleResponse: Display: Failed to find resolution value strings in scalability ini. Falling back to default.
LogInit: Display: Running engine for game: MultiplayerPrototype
LogPlatformFile: Not using cached read wrapper
LogTaskGraph: Started task graph with 5 named threads and 47 total threads with 3 sets of task threads.
LogStats: Stats thread started at 0.953158
LogICUInternationalization: ICU TimeZone Detection - Raw Offset: +0:00, Platform Override: ''
LogInit: Display: Loading text-based GConfig....
LogPluginManager: Mounting plugin MeshPainting
LogPluginManager: Mounting plugin XGEController
LogPluginManager: Mounting plugin Paper2D
LogPluginManager: Mounting plugin LightPropagationVolume
LogPluginManager: Mounting plugin GameplayCameras
LogPluginManager: Mounting plugin GeometryMode
LogPluginManager: Mounting plugin CameraShakePreviewer
LogPluginManager: Mounting plugin FacialAnimation
LogPluginManager: Mounting plugin AssetManagerEditor
LogPluginManager: Mounting plugin OodleData
LogPluginManager: Mounting plugin GameplayTagsEditor
LogPluginManager: Mounting plugin CryptoKeys
LogPluginManager: Mounting plugin OodleNetwork
LogPluginManager: Mounting plugin MacGraphicsSwitching
LogPluginManager: Mounting plugin SpeedTreeImporter
LogPluginManager: Mounting plugin DataValidation
LogPluginManager: Mounting plugin CurveEditorTools
LogPluginManager: Mounting plugin AISupport
LogPluginManager: Mounting plugin PluginBrowser
LogPluginManager: Mounting plugin MaterialAnalyzer
LogPluginManager: Mounting plugin EnvironmentQueryEditor
LogPluginManager: Mounting plugin MobileLauncherProfileWizard
LogPluginManager: Mounting plugin DatasmithContent
LogPluginManager: Mounting plugin VariantManagerContent
LogPluginManager: Mounting plugin AlembicImporter
LogPluginManager: Mounting plugin AutomationUtils
LogPluginManager: Mounting plugin ChaosNiagara
LogPluginManager: Mounting plugin ChaosClothEditor
LogPluginManager: Mounting plugin ChaosSolverPlugin
LogPluginManager: Mounting plugin BackChannel
LogPluginManager: Mounting plugin ChaosCloth
LogPluginManager: Mounting plugin LiveLink
LogPluginManager: Mounting plugin ChaosEditor
LogPluginManager: Mounting plugin CharacterAI
LogPluginManager: Mounting plugin GeometryCollectionPlugin
LogPluginManager: Mounting plugin GeometryProcessing
LogPluginManager: Mounting plugin GeometryCache
LogPluginManager: Mounting plugin MotoSynth
LogPluginManager: Mounting plugin OpenImageDenoise
LogPluginManager: Mounting plugin PythonScriptPlugin
LogPluginManager: Mounting plugin PlanarCut
LogPluginManager: Mounting plugin SkeletalReduction
LogPluginManager: Mounting plugin PlatformCrypto
LogPluginManager: Mounting plugin Niagara
LogPluginManager: Mounting plugin ProxyLODPlugin
LogPluginManager: Mounting plugin AnimationSharing
LogPluginManager: Mounting plugin CLionSourceCodeAccess
LogPluginManager: Mounting plugin GitSourceControl
LogPluginManager: Mounting plugin CodeLiteSourceCodeAccess
LogPluginManager: Mounting plugin NullSourceCodeAccess
LogPluginManager: Mounting plugin KDevelopSourceCodeAccess
LogPluginManager: Mounting plugin PerforceSourceControl
LogPluginManager: Mounting plugin PixWinPlugin
LogPluginManager: Mounting plugin UObjectPlugin
LogPluginManager: Mounting plugin XCodeSourceCodeAccess
LogPluginManager: Mounting plugin RiderSourceCodeAccess
LogPluginManager: Mounting plugin SubversionSourceControl
LogPluginManager: Mounting plugin LauncherChunkInstaller
LogPluginManager: Mounting plugin VisualStudioCodeSourceCodeAccess
LogPluginManager: Mounting plugin VisualStudioSourceCodeAccess
LogPluginManager: Mounting plugin PlasticSourceControl
LogPluginManager: Mounting plugin PluginUtils
LogPluginManager: Mounting plugin TextureFormatOodle
LogPluginManager: Mounting plugin PropertyAccessNode
LogPluginManager: Mounting plugin MagicLeap
LogPluginManager: Mounting plugin LuminPlatformFeatures
LogPluginManager: Mounting plugin MagicLeapPassableWorld
LogPluginManager: Mounting plugin MLSDK
LogPluginManager: Mounting plugin MagicLeapLightEstimation
LogPluginManager: Mounting plugin ActorSequence
LogPluginManager: Mounting plugin LevelSequenceEditor
LogPluginManager: Mounting plugin MagicLeapMedia
LogPluginManager: Mounting plugin MatineeToLevelSequence
LogPluginManager: Mounting plugin ActorLayerUtilities
LogPluginManager: Mounting plugin AppleMoviePlayer
LogPluginManager: Mounting plugin TemplateSequence
LogPluginManager: Mounting plugin AndroidDeviceProfileSelector
LogPluginManager: Mounting plugin AssetTags
LogPluginManager: Mounting plugin AudioSynesthesia
LogPluginManager: Mounting plugin AndroidPermission
LogPluginManager: Mounting plugin AppleImageUtils
LogPluginManager: Mounting plugin AndroidMoviePlayer
LogPluginManager: Mounting plugin ArchVisCharacter
LogPluginManager: Mounting plugin CableComponent
LogPluginManager: Mounting plugin GoogleCloudMessaging
LogPluginManager: Mounting plugin EditableMesh
LogPluginManager: Mounting plugin ExampleDeviceProfileSelector
LogPluginManager: Mounting plugin ChunkDownloader
LogPluginManager: Mounting plugin IOSDeviceProfileSelector
LogPluginManager: Mounting plugin CustomMeshComponent
LogPluginManager: Mounting plugin AudioCapture
LogPluginManager: Mounting plugin LinuxDeviceProfileSelector
LogPluginManager: Mounting plugin LocationServicesBPLibrary
LogPluginManager: Mounting plugin GooglePAD
LogPluginManager: Mounting plugin OpenXR
LogPluginManager: Mounting plugin OpenXREyeTracker
LogPluginManager: Mounting plugin OpenXRHandTracking
LogPluginManager: Mounting plugin PostSplashScreen
LogPluginManager: Mounting plugin MobilePatchingUtils
LogPluginManager: Mounting plugin ProceduralMeshComponent
LogPluginManager: Mounting plugin PhysXVehicles
LogPluginManager: Mounting plugin RuntimePhysXCooking
LogPluginManager: Mounting plugin SignificanceManager
LogPluginManager: Mounting plugin PropertyAccessEditor
LogPluginManager: Mounting plugin Synthesis
LogPluginManager: Mounting plugin SoundFields
LogPluginManager: Mounting plugin WindowsMoviePlayer
LogPluginManager: Mounting plugin AndroidMedia
LogPluginManager: Mounting plugin WebMMoviePlayer
LogPluginManager: Mounting plugin AvfMedia
LogPluginManager: Mounting plugin ImgMedia
LogPluginManager: Mounting plugin MediaCompositing
LogPluginManager: Mounting plugin MediaPlayerEditor
LogPluginManager: Mounting plugin WebMMedia
LogPluginManager: Mounting plugin WmfMedia
LogPluginManager: Mounting plugin TcpMessaging
LogPluginManager: Mounting plugin Takes
LogPluginManager: Mounting plugin UdpMessaging
LogPluginManager: Mounting plugin ScreenshotTools
LogPluginManager: Mounting plugin OnlineSubsystem
LogPluginManager: Mounting plugin OnlineSubsystemUtils
LogPluginManager: Mounting plugin OnlineSubsystemNull
LogPluginManager: Mounting plugin ContentBrowserFileDataSource
LogPluginManager: Mounting plugin ContentBrowserAssetDataSource
LogPluginManager: Mounting plugin ContentBrowserClassDataSource
LogPluginManager: Mounting plugin OculusVR
LogPluginManager: Mounting plugin SteamVR
LogPluginManager: Mounting plugin OnlineSubsystemIOS
LogPluginManager: Mounting plugin OnlineSubsystemGooglePlay
PixWinPlugin: PIX capture plugin failed to initialize! Check that the process is launched from PIX.
LogInit: Using libcurl 7.55.1-DEV
LogInit:  - built for x86_64-pc-win32
LogInit:  - supports SSL with OpenSSL/1.1.1
LogInit:  - supports HTTP deflate (compression) using libz 1.2.8
LogInit:  - other features:
LogInit:      CURL_VERSION_SSL
LogInit:      CURL_VERSION_LIBZ
LogInit:      CURL_VERSION_IPV6
LogInit:      CURL_VERSION_ASYNCHDNS
LogInit:      CURL_VERSION_LARGEFILE
LogInit:      CURL_VERSION_IDN
LogInit:  CurlRequestOptions (configurable via config and command line):
LogInit:  - bVerifyPeer = true  - Libcurl will verify peer certificate
LogInit:  - bUseHttpProxy = false  - Libcurl will NOT use HTTP proxy
LogInit:  - bDontReuseConnections = false  - Libcurl will reuse connections
LogInit:  - MaxHostConnections = 16  - Libcurl will limit the number of connections to a host
LogInit:  - LocalHostAddr = Default
LogInit:  - BufferSize = 65536
LogOnline: OSS: Creating online subsystem instance for: NULL
LogInit: WinSock: version 1.1 (2.2), MaxSocks=32767, MaxUdp=65467
LogOnline: OSS: TryLoadSubsystemAndSetDefault: Loaded subsystem for module [NULL]
LogOculusPluginWrapper: OculusPlugin initialized successfully
LogHMD: Failed initializing OVRPlugin 1.59.0
LogInit: Build: ++UE4+Release-4.27-CL-18319896
LogInit: Engine Version: 4.27.2-18319896+++UE4+Release-4.27
LogInit: Compatible Engine Version: 4.27.0-17155196+++UE4+Release-4.27
LogInit: Net CL: 17155196
LogInit: OS: Windows 10 (Release 2009) (), CPU: AMD Ryzen 7 5800H with Radeon Graphics         , GPU: AMD Radeon(TM) Graphics
LogInit: Compiled (64-bit): Nov 30 2021 07:12:08
LogInit: Compiled with Visual C++: 19.24.28315.00
LogInit: Build Configuration: Development
LogInit: Branch Name: ++UE4+Release-4.27
LogInit: Command Line: 
LogInit: Base Directory: C:/Program Files/Epic Games/UE_4.27/Engine/Binaries/Win64/
LogInit: Allocator: TBB
LogInit: Installed Engine Build: 1
LogDevObjectVersion: Number of dev versions registered: 29
LogDevObjectVersion:   Dev-Blueprints (B0D832E4-1F89-4F0D-ACCF-7EB736FD4AA2): 10
LogDevObjectVersion:   Dev-Build (E1C64328-A22C-4D53-A36C-8E866417BD8C): 0
LogDevObjectVersion:   Dev-Core (375EC13C-06E4-48FB-B500-84F0262A717E): 4
LogDevObjectVersion:   Dev-Editor (E4B068ED-F494-42E9-A231-DA0B2E46BB41): 40
LogDevObjectVersion:   Dev-Framework (CFFC743F-43B0-4480-9391-14DF171D2073): 37
LogDevObjectVersion:   Dev-Mobile (B02B49B5-BB20-44E9-A304-32B752E40360): 3
LogDevObjectVersion:   Dev-Networking (A4E4105C-59A1-49B5-A7C5-40C4547EDFEE): 0
LogDevObjectVersion:   Dev-Online (39C831C9-5AE6-47DC-9A44-9C173E1C8E7C): 0
LogDevObjectVersion:   Dev-Physics (78F01B33-EBEA-4F98-B9B4-84EACCB95AA2): 14
LogDevObjectVersion:   Dev-Platform (6631380F-2D4D-43E0-8009-CF276956A95A): 0
LogDevObjectVersion:   Dev-Rendering (12F88B9F-8875-4AFC-A67C-D90C383ABD29): 45
LogDevObjectVersion:   Dev-Sequencer (7B5AE74C-D270-4C10-A958-57980B212A5A): 13
LogDevObjectVersion:   Dev-VR (D7296918-1DD6-4BDD-9DE2-64A83CC13884): 3
LogDevObjectVersion:   Dev-LoadTimes (C2A15278-BFE7-4AFE-6C17-90FF531DF755): 1
LogDevObjectVersion:   Private-Geometry (6EACA3D4-40EC-4CC1-B786-8BED09428FC5): 3
LogDevObjectVersion:   Dev-AnimPhys (29E575DD-E0A3-4627-9D10-D276232CDCEA): 17
LogDevObjectVersion:   Dev-Anim (AF43A65D-7FD3-4947-9873-3E8ED9C1BB05): 15
LogDevObjectVersion:   Dev-ReflectionCapture (6B266CEC-1EC7-4B8F-A30B-E4D90942FC07): 1
LogDevObjectVersion:   Dev-Automation (0DF73D61-A23F-47EA-B727-89E90C41499A): 1
LogDevObjectVersion:   FortniteMain (601D1886-AC64-4F84-AA16-D3DE0DEAC7D6): 47
LogDevObjectVersion:   FortniteRelease (E7086368-6B23-4C58-8439-1B7016265E91): 1
LogDevObjectVersion:   Dev-Enterprise (9DFFBCD6-494F-0158-E221-12823C92A888): 10
LogDevObjectVersion:   Dev-Niagara (F2AED0AC-9AFE-416F-8664-AA7FFA26D6FC): 1
LogDevObjectVersion:   Dev-Destruction (174F1F0B-B4C6-45A5-B13F-2EE8D0FB917D): 10
LogDevObjectVersion:   Dev-Physics-Ext (35F94A83-E258-406C-A318-09F59610247C): 41
LogDevObjectVersion:   Dev-PhysicsMaterial-Chaos (B68FC16E-8B1B-42E2-B453-215C058844FE): 1
LogDevObjectVersion:   Dev-CineCamera (B2E18506-4273-CFC2-A54E-F4BB758BBA07): 1
LogDevObjectVersion:   Dev-VirtualProduction (64F58936-FD1B-42BA-BA96-7289D5D0FA4E): 1
LogDevObjectVersion:   Dev-MediaFramework (6F0ED827-A609-4895-9C91-998D90180EA4): 2
LogInit: Presizing for max 25165824 objects, including 0 objects not considered by GC, pre-allocating 0 bytes for permanent pool.
LogConfig: Applying CVar settings from Section [/Script/Engine.StreamingSettings] File [C:/Users/gonga/Documents/Unreal Projects/MultiplayerPrototype/Saved/Config/Windows/Engine.ini]
LogConfig: Setting CVar [[s.MinBulkDataSizeForAsyncLoading:131072]]
LogConfig: Setting CVar [[s.AsyncLoadingThreadEnabled:0]]
LogConfig: Setting CVar [[s.EventDrivenLoaderEnabled:1]]
LogConfig: Setting CVar [[s.WarnIfTimeLimitExceeded:0]]
LogConfig: Setting CVar [[s.TimeLimitExceededMultiplier:1.5]]
LogConfig: Setting CVar [[s.TimeLimitExceededMinTime:0.005]]
LogConfig: Setting CVar [[s.UseBackgroundLevelStreaming:1]]
LogConfig: Setting CVar [[s.PriorityAsyncLoadingExtraTime:15.0]]
LogConfig: Setting CVar [[s.LevelStreamingActorsUpdateTimeLimit:5.0]]
LogConfig: Setting CVar [[s.PriorityLevelStreamingActorsUpdateExtraTime:5.0]]
LogConfig: Setting CVar [[s.LevelStreamingComponentsRegistrationGranularity:10]]
LogConfig: Setting CVar [[s.UnregisterComponentsTimeLimit:1.0]]
LogConfig: Setting CVar [[s.LevelStreamingComponentsUnregistrationGranularity:5]]
LogConfig: Setting CVar [[s.FlushStreamingOnExit:1]]
LogInit: Object subsystem initialized
LogConfig: Setting CVar [[con.DebugEarlyDefault:1]]
LogConfig: Setting CVar [[r.setres:1280x720]]
[2022.10.23-17.00.27:931][  0]LogConfig: Setting CVar [[r.VSync:0]]
[2022.10.23-17.00.27:931][  0]LogConfig: Setting CVar [[r.RHICmdBypass:0]]
[2022.10.23-17.00.27:931][  0]LogConfig: Applying CVar settings from Section [/Script/Engine.RendererSettings] File [C:/Users/gonga/Documents/Unreal Projects/MultiplayerPrototype/Saved/Config/Windows/Engine.ini]
[2022.10.23-17.00.27:931][  0]LogConfig: Setting CVar [[r.GPUCrashDebugging:0]]
[2022.10.23-17.00.27:931][  0]LogConfig: Applying CVar settings from Section [/Script/Engine.RendererOverrideSettings] File [C:/Users/gonga/Documents/Unreal Projects/MultiplayerPrototype/Saved/Config/Windows/Engine.ini]
[2022.10.23-17.00.27:931][  0]LogConfig: Applying CVar settings from Section [/Script/Engine.StreamingSettings] File [C:/Users/gonga/Documents/Unreal Projects/MultiplayerPrototype/Saved/Config/Windows/Engine.ini]
[2022.10.23-17.00.27:931][  0]LogConfig: Setting CVar [[s.MinBulkDataSizeForAsyncLoading:131072]]
[2022.10.23-17.00.27:931][  0]LogConfig: Setting CVar [[s.AsyncLoadingThreadEnabled:0]]
[2022.10.23-17.00.27:931][  0]LogConfig: Setting CVar [[s.EventDrivenLoaderEnabled:1]]
[2022.10.23-17.00.27:931][  0]LogConfig: Setting CVar [[s.WarnIfTimeLimitExceeded:0]]
[2022.10.23-17.00.27:931][  0]LogConfig: Setting CVar [[s.TimeLimitExceededMultiplier:1.5]]
[2022.10.23-17.00.27:931][  0]LogConfig: Setting CVar [[s.TimeLimitExceededMinTime:0.005]]
[2022.10.23-17.00.27:931][  0]LogConfig: Setting CVar [[s.UseBackgroundLevelStreaming:1]]
[2022.10.23-17.00.27:931][  0]LogConfig: Setting CVar [[s.PriorityAsyncLoadingExtraTime:15.0]]
[2022.10.23-17.00.27:931][  0]LogConfig: Setting CVar [[s.LevelStreamingActorsUpdateTimeLimit:5.0]]
[2022.10.23-17.00.27:931][  0]LogConfig: Setting CVar [[s.PriorityLevelStreamingActorsUpdateExtraTime:5.0]]
[2022.10.23-17.00.27:931][  0]LogConfig: Setting CVar [[s.LevelStreamingComponentsRegistrationGranularity:10]]
[2022.10.23-17.00.27:931][  0]LogConfig: Setting CVar [[s.UnregisterComponentsTimeLimit:1.0]]
[2022.10.23-17.00.27:931][  0]LogConfig: Setting CVar [[s.LevelStreamingComponentsUnregistrationGranularity:5]]
[2022.10.23-17.00.27:931][  0]LogConfig: Setting CVar [[s.FlushStreamingOnExit:1]]
[2022.10.23-17.00.27:931][  0]LogConfig: Applying CVar settings from Section [/Script/Engine.GarbageCollectionSettings] File [C:/Users/gonga/Documents/Unreal Projects/MultiplayerPrototype/Saved/Config/Windows/Engine.ini]
[2022.10.23-17.00.27:931][  0]LogConfig: Setting CVar [[gc.MaxObjectsNotConsideredByGC:1]]
[2022.10.23-17.00.27:931][  0]LogConfig: Setting CVar [[gc.SizeOfPermanentObjectPool:0]]
[2022.10.23-17.00.27:931][  0]LogConfig: Setting CVar [[gc.FlushStreamingOnGC:0]]
[2022.10.23-17.00.27:931][  0]LogConfig: Setting CVar [[gc.NumRetriesBeforeForcingGC:10]]
[2022.10.23-17.00.27:931][  0]LogConfig: Setting CVar [[gc.AllowParallelGC:1]]
[2022.10.23-17.00.27:931][  0]LogConfig: Setting CVar [[gc.TimeBetweenPurgingPendingKillObjects:61.1]]
[2022.10.23-17.00.27:931][  0]LogConfig: Setting CVar [[gc.MaxObjectsInEditor:25165824]]
[2022.10.23-17.00.27:931][  0]LogConfig: Setting CVar [[gc.IncrementalBeginDestroyEnabled:1]]
[2022.10.23-17.00.27:931][  0]LogConfig: Setting CVar [[gc.CreateGCClusters:1]]
[2022.10.23-17.00.27:931][  0]LogConfig: Setting CVar [[gc.MinGCClusterSize:5]]
[2022.10.23-17.00.27:931][  0]LogConfig: Setting CVar [[gc.ActorClusteringEnabled:0]]
[2022.10.23-17.00.27:931][  0]LogConfig: Setting CVar [[gc.BlueprintClusteringEnabled:0]]
[2022.10.23-17.00.27:931][  0]LogConfig: Setting CVar [[gc.UseDisregardForGCOnDedicatedServers:0]]
[2022.10.23-17.00.27:931][  0]LogConfig: Setting CVar [[gc.MultithreadedDestructionEnabled:1]]
[2022.10.23-17.00.27:931][  0]LogConfig: Applying CVar settings from Section [/Script/Engine.NetworkSettings] File [C:/Users/gonga/Documents/Unreal Projects/MultiplayerPrototype/Saved/Config/Windows/Engine.ini]
[2022.10.23-17.00.27:931][  0]LogConfig: Applying CVar settings from Section [/Script/UnrealEd.CookerSettings] File [C:/Users/gonga/Documents/Unreal Projects/MultiplayerPrototype/Saved/Config/Windows/Engine.ini]
[2022.10.23-17.00.27:941][  0]LogConfig: Applying CVar settings from Section [ViewDistanceQuality@3] File [C:/Users/gonga/Documents/Unreal Projects/MultiplayerPrototype/Saved/Config/Windows/Scalability.ini]
[2022.10.23-17.00.27:941][  0]LogConfig: Setting CVar [[r.SkeletalMeshLODBias:0]]
[2022.10.23-17.00.27:941][  0]LogConfig: Setting CVar [[r.ViewDistanceScale:1.0]]
[2022.10.23-17.00.27:941][  0]LogConfig: Applying CVar settings from Section [AntiAliasingQuality@3] File [C:/Users/gonga/Documents/Unreal Projects/MultiplayerPrototype/Saved/Config/Windows/Scalability.ini]
[2022.10.23-17.00.27:941][  0]LogConfig: Setting CVar [[r.PostProcessAAQuality:4]]
[2022.10.23-17.00.27:941][  0]LogConfig: Applying CVar settings from Section [ShadowQuality@3] File [C:/Users/gonga/Documents/Unreal Projects/MultiplayerPrototype/Saved/Config/Windows/Scalability.ini]
[2022.10.23-17.00.27:941][  0]LogConfig: Setting CVar [[r.LightFunctionQuality:1]]
[2022.10.23-17.00.27:941][  0]LogConfig: Setting CVar [[r.ShadowQuality:5]]
[2022.10.23-17.00.27:941][  0]LogConfig: Setting CVar [[r.Shadow.CSM.MaxCascades:10]]
[2022.10.23-17.00.27:941][  0]LogConfig: Setting CVar [[r.Shadow.MaxResolution:2048]]
[2022.10.23-17.00.27:941][  0]LogConfig: Setting CVar [[r.Shadow.MaxCSMResolution:2048]]
[2022.10.23-17.00.27:941][  0]LogConfig: Setting CVar [[r.Shadow.RadiusThreshold:0.01]]
[2022.10.23-17.00.27:941][  0]LogConfig: Setting CVar [[r.Shadow.DistanceScale:1.0]]
[2022.10.23-17.00.27:941][  0]LogConfig: Setting CVar [[r.Shadow.CSM.TransitionScale:1.0]]
[2022.10.23-17.00.27:941][  0]LogConfig: Setting CVar [[r.Shadow.PreShadowResolutionFactor:1.0]]
[2022.10.23-17.00.27:941][  0]LogConfig: Setting CVar [[r.DistanceFieldShadowing:1]]
[2022.10.23-17.00.27:941][  0]LogConfig: Setting CVar [[r.DistanceFieldAO:1]]
[2022.10.23-17.00.27:941][  0]LogConfig: Setting CVar [[r.AOQuality:2]]
[2022.10.23-17.00.27:941][  0]LogConfig: Setting CVar [[r.VolumetricFog:1]]
[2022.10.23-17.00.27:941][  0]LogConfig: Setting CVar [[r.VolumetricFog.GridPixelSize:8]]
[2022.10.23-17.00.27:941][  0]LogConfig: Setting CVar [[r.VolumetricFog.GridSizeZ:128]]
[2022.10.23-17.00.27:941][  0]LogConfig: Setting CVar [[r.VolumetricFog.HistoryMissSupersampleCount:4]]
[2022.10.23-17.00.27:941][  0]LogConfig: Setting CVar [[r.LightMaxDrawDistanceScale:1]]
[2022.10.23-17.00.27:941][  0]LogConfig: Setting CVar [[r.CapsuleShadows:1]]
[2022.10.23-17.00.27:941][  0]LogConfig: Applying CVar settings from Section [PostProcessQuality@3] File [C:/Users/gonga/Documents/Unreal Projects/MultiplayerPrototype/Saved/Config/Windows/Scalability.ini]
[2022.10.23-17.00.27:941][  0]LogConfig: Setting CVar [[r.MotionBlurQuality:4]]
[2022.10.23-17.00.27:941][  0]LogConfig: Setting CVar [[r.AmbientOcclusionMipLevelFactor:0.4]]
[2022.10.23-17.00.27:941][  0]LogConfig: Setting CVar [[r.AmbientOcclusionMaxQuality:100]]
[2022.10.23-17.00.27:941][  0]LogConfig: Setting CVar [[r.AmbientOcclusionLevels:-1]]
[2022.10.23-17.00.27:941][  0]LogConfig: Setting CVar [[r.AmbientOcclusionRadiusScale:1.0]]
[2022.10.23-17.00.27:941][  0]LogConfig: Setting CVar [[r.DepthOfFieldQuality:2]]
[2022.10.23-17.00.27:941][  0]LogConfig: Setting CVar [[r.RenderTargetPoolMin:400]]
[2022.10.23-17.00.27:941][  0]LogConfig: Setting CVar [[r.LensFlareQuality:2]]
[2022.10.23-17.00.27:941][  0]LogConfig: Setting CVar [[r.SceneColorFringeQuality:1]]
[2022.10.23-17.00.27:941][  0]LogConfig: Setting CVar [[r.EyeAdaptationQuality:2]]
[2022.10.23-17.00.27:941][  0]LogConfig: Setting CVar [[r.BloomQuality:5]]
[2022.10.23-17.00.27:941][  0]LogConfig: Setting CVar [[r.FastBlurThreshold:100]]
[2022.10.23-17.00.27:941][  0]LogConfig: Setting CVar [[r.Upscale.Quality:3]]
[2022.10.23-17.00.27:941][  0]LogConfig: Setting CVar [[r.Tonemapper.GrainQuantization:1]]
[2022.10.23-17.00.27:941][  0]LogConfig: Setting CVar [[r.LightShaftQuality:1]]
[2022.10.23-17.00.27:941][  0]LogConfig: Setting CVar [[r.Filter.SizeScale:1]]
[2022.10.23-17.00.27:941][  0]LogConfig: Setting CVar [[r.Tonemapper.Quality:5]]
[2022.10.23-17.00.27:941][  0]LogConfig: Setting CVar [[r.DOF.Gather.AccumulatorQuality:1        ; higher gathering accumulator quality]]
[2022.10.23-17.00.27:941][  0]LogConfig: Setting CVar [[r.DOF.Gather.PostfilterMethod:1          ; Median3x3 postfilering method]]
[2022.10.23-17.00.27:941][  0]LogConfig: Setting CVar [[r.DOF.Gather.EnableBokehSettings:0       ; no bokeh simulation when gathering]]
[2022.10.23-17.00.27:941][  0]LogConfig: Setting CVar [[r.DOF.Gather.RingCount:4                 ; medium number of samples when gathering]]
[2022.10.23-17.00.27:941][  0]LogConfig: Setting CVar [[r.DOF.Scatter.ForegroundCompositing:1    ; additive foreground scattering]]
[2022.10.23-17.00.27:941][  0]LogConfig: Setting CVar [[r.DOF.Scatter.BackgroundCompositing:2    ; additive background scattering]]
[2022.10.23-17.00.27:941][  0]LogConfig: Setting CVar [[r.DOF.Scatter.EnableBokehSettings:1      ; bokeh simulation when scattering]]
[2022.10.23-17.00.27:941][  0]LogConfig: Setting CVar [[r.DOF.Scatter.MaxSpriteRatio:0.1         ; only a maximum of 10% of scattered bokeh]]
[2022.10.23-17.00.27:941][  0]LogConfig: Setting CVar [[r.DOF.Recombine.Quality:1                ; cheap slight out of focus]]
[2022.10.23-17.00.27:941][  0]LogConfig: Setting CVar [[r.DOF.Recombine.EnableBokehSettings:0    ; no bokeh simulation on slight out of focus]]
[2022.10.23-17.00.27:941][  0]LogConfig: Setting CVar [[r.DOF.TemporalAAQuality:1                ; more stable temporal accumulation]]
[2022.10.23-17.00.27:941][  0]LogConfig: Setting CVar [[r.DOF.Kernel.MaxForegroundRadius:0.025]]
[2022.10.23-17.00.27:941][  0]LogConfig: Setting CVar [[r.DOF.Kernel.MaxBackgroundRadius:0.025]]
[2022.10.23-17.00.27:941][  0]LogConfig: Applying CVar settings from Section [TextureQuality@3] File [C:/Users/gonga/Documents/Unreal Projects/MultiplayerPrototype/Saved/Config/Windows/Scalability.ini]
[2022.10.23-17.00.27:941][  0]LogConfig: Setting CVar [[r.Streaming.MipBias:0]]
[2022.10.23-17.00.27:941][  0]LogConfig: Setting CVar [[r.Streaming.AmortizeCPUToGPUCopy:0]]
[2022.10.23-17.00.27:941][  0]LogConfig: Setting CVar [[r.Streaming.MaxNumTexturesToStreamPerFrame:0]]
[2022.10.23-17.00.27:941][  0]LogConfig: Setting CVar [[r.Streaming.Boost:1]]
[2022.10.23-17.00.27:941][  0]LogConfig: Setting CVar [[r.MaxAnisotropy:8]]
[2022.10.23-17.00.27:941][  0]LogConfig: Setting CVar [[r.VT.MaxAnisotropy:8]]
[2022.10.23-17.00.27:941][  0]LogConfig: Setting CVar [[r.Streaming.LimitPoolSizeToVRAM:0]]
[2022.10.23-17.00.27:941][  0]LogConfig: Setting CVar [[r.Streaming.PoolSize:1000]]
[2022.10.23-17.00.27:941][  0]LogConfig: Setting CVar [[r.Streaming.MaxEffectiveScreenSize:0]]
[2022.10.23-17.00.27:941][  0]LogConfig: Applying CVar settings from Section [EffectsQuality@3] File [C:/Users/gonga/Documents/Unreal Projects/MultiplayerPrototype/Saved/Config/Windows/Scalability.ini]
[2022.10.23-17.00.27:941][  0]LogConfig: Setting CVar [[r.TranslucencyLightingVolumeDim:64]]
[2022.10.23-17.00.27:941][  0]LogConfig: Setting CVar [[r.RefractionQuality:2]]
[2022.10.23-17.00.27:941][  0]LogConfig: Setting CVar [[r.SSR.Quality:3]]
[2022.10.23-17.00.27:941][  0]LogConfig: Setting CVar [[r.SSR.HalfResSceneColor:0]]
[2022.10.23-17.00.27:941][  0]LogConfig: Setting CVar [[r.SceneColorFormat:4]]
[2022.10.23-17.00.27:941][  0]LogConfig: Setting CVar [[r.DetailMode:2]]
[2022.10.23-17.00.27:941][  0]LogConfig: Setting CVar [[r.TranslucencyVolumeBlur:1]]
[2022.10.23-17.00.27:941][  0]LogConfig: Setting CVar [[r.MaterialQualityLevel:1 ; High quality]]
[2022.10.23-17.00.27:941][  0]LogConfig: Setting CVar [[r.AnisotropicMaterials:1]]
[2022.10.23-17.00.27:941][  0]LogConfig: Setting CVar [[r.SSS.Scale:1]]
[2022.10.23-17.00.27:941][  0]LogConfig: Setting CVar [[r.SSS.SampleSet:2]]
[2022.10.23-17.00.27:941][  0]LogConfig: Setting CVar [[r.SSS.Quality:1]]
[2022.10.23-17.00.27:941][  0]LogConfig: Setting CVar [[r.SSS.HalfRes:0]]
[2022.10.23-17.00.27:941][  0]LogConfig: Setting CVar [[r.SSGI.Quality:3]]
[2022.10.23-17.00.27:941][  0]LogConfig: Setting CVar [[r.EmitterSpawnRateScale:1.0]]
[2022.10.23-17.00.27:941][  0]LogConfig: Setting CVar [[r.ParticleLightQuality:2]]
[2022.10.23-17.00.27:941][  0]LogConfig: Setting CVar [[r.SkyAtmosphere.AerialPerspectiveLUT.FastApplyOnOpaque:1 ; Always have FastSkyLUT 1 in this case to avoid wrong sky]]
[2022.10.23-17.00.27:941][  0]LogConfig: Setting CVar [[r.SkyAtmosphere.AerialPerspectiveLUT.SampleCountMaxPerSlice:4]]
[2022.10.23-17.00.27:941][  0]LogConfig: Setting CVar [[r.SkyAtmosphere.AerialPerspectiveLUT.DepthResolution:16.0]]
[2022.10.23-17.00.27:941][  0]LogConfig: Setting CVar [[r.SkyAtmosphere.FastSkyLUT:1]]
[2022.10.23-17.00.27:941][  0]LogConfig: Setting CVar [[r.SkyAtmosphere.FastSkyLUT.SampleCountMin:4.0]]
[2022.10.23-17.00.27:941][  0]LogConfig: Setting CVar [[r.SkyAtmosphere.FastSkyLUT.SampleCountMax:128.0]]
[2022.10.23-17.00.27:941][  0]LogConfig: Setting CVar [[r.SkyAtmosphere.SampleCountMin:4.0]]
[2022.10.23-17.00.27:941][  0]LogConfig: Setting CVar [[r.SkyAtmosphere.SampleCountMax:128.0]]
[2022.10.23-17.00.27:941][  0]LogConfig: Setting CVar [[r.SkyAtmosphere.TransmittanceLUT.UseSmallFormat:0]]
[2022.10.23-17.00.27:941][  0]LogConfig: Setting CVar [[r.SkyAtmosphere.TransmittanceLUT.SampleCount:10.0]]
[2022.10.23-17.00.27:941][  0]LogConfig: Setting CVar [[r.SkyAtmosphere.MultiScatteringLUT.SampleCount:15.0]]
[2022.10.23-17.00.27:941][  0]LogConfig: Setting CVar [[r.SkyLight.RealTimeReflectionCapture:1]]
[2022.10.23-17.00.27:942][  0]LogConfig: Applying CVar settings from Section [FoliageQuality@3] File [C:/Users/gonga/Documents/Unreal Projects/MultiplayerPrototype/Saved/Config/Windows/Scalability.ini]
[2022.10.23-17.00.27:942][  0]LogConfig: Setting CVar [[foliage.DensityScale:1.0]]
[2022.10.23-17.00.27:942][  0]LogConfig: Setting CVar [[grass.DensityScale:1.0]]
[2022.10.23-17.00.27:942][  0]LogConfig: Applying CVar settings from Section [ShadingQuality@3] File [C:/Users/gonga/Documents/Unreal Projects/MultiplayerPrototype/Saved/Config/Windows/Scalability.ini]
[2022.10.23-17.00.27:942][  0]LogConfig: Setting CVar [[r.HairStrands.SkyLighting.IntegrationType:2]]
[2022.10.23-17.00.27:942][  0]LogConfig: Setting CVar [[r.HairStrands.SkyAO.SampleCount:4]]
[2022.10.23-17.00.27:942][  0]LogConfig: Setting CVar [[r.HairStrands.Visibility.MSAA.SamplePerPixel:4]]
[2022.10.23-17.00.27:942][  0]LogInit: Selected Device Profile: [Windows]
[2022.10.23-17.00.27:943][  0]LogInit: Applying CVar settings loaded from the selected device profile: [Windows]
[2022.10.23-17.00.27:943][  0]LogHAL: Display: Platform has ~ 16 GB [16542396416 / 17179869184 / 16], which maps to Larger [LargestMinGB=32, LargerMinGB=12, DefaultMinGB=8, SmallerMinGB=6, SmallestMinGB=0)
[2022.10.23-17.00.27:943][  0]LogInit: Going up to parent DeviceProfile []
[2022.10.23-17.00.27:944][  0]LogConfig: Applying CVar settings from Section [ViewDistanceQuality@3] File [C:/Users/gonga/Documents/Unreal Projects/MultiplayerPrototype/Saved/Config/Windows/Scalability.ini]
[2022.10.23-17.00.27:944][  0]LogConfig: Setting CVar [[r.SkeletalMeshLODBias:0]]
[2022.10.23-17.00.27:944][  0]LogConfig: Setting CVar [[r.ViewDistanceScale:1.0]]
[2022.10.23-17.00.27:944][  0]LogConfig: Applying CVar settings from Section [AntiAliasingQuality@3] File [C:/Users/gonga/Documents/Unreal Projects/MultiplayerPrototype/Saved/Config/Windows/Scalability.ini]
[2022.10.23-17.00.27:944][  0]LogConfig: Setting CVar [[r.PostProcessAAQuality:4]]
[2022.10.23-17.00.27:944][  0]LogConfig: Applying CVar settings from Section [ShadowQuality@3] File [C:/Users/gonga/Documents/Unreal Projects/MultiplayerPrototype/Saved/Config/Windows/Scalability.ini]
[2022.10.23-17.00.27:944][  0]LogConfig: Setting CVar [[r.LightFunctionQuality:1]]
[2022.10.23-17.00.27:944][  0]LogConfig: Setting CVar [[r.ShadowQuality:5]]
[2022.10.23-17.00.27:944][  0]LogConfig: Setting CVar [[r.Shadow.CSM.MaxCascades:10]]
[2022.10.23-17.00.27:944][  0]LogConfig: Setting CVar [[r.Shadow.MaxResolution:2048]]
[2022.10.23-17.00.27:944][  0]LogConfig: Setting CVar [[r.Shadow.MaxCSMResolution:2048]]
[2022.10.23-17.00.27:944][  0]LogConfig: Setting CVar [[r.Shadow.RadiusThreshold:0.01]]
[2022.10.23-17.00.27:944][  0]LogConfig: Setting CVar [[r.Shadow.DistanceScale:1.0]]
[2022.10.23-17.00.27:944][  0]LogConfig: Setting CVar [[r.Shadow.CSM.TransitionScale:1.0]]
[2022.10.23-17.00.27:944][  0]LogConfig: Setting CVar [[r.Shadow.PreShadowResolutionFactor:1.0]]
[2022.10.23-17.00.27:944][  0]LogConfig: Setting CVar [[r.DistanceFieldShadowing:1]]
[2022.10.23-17.00.27:944][  0]LogConfig: Setting CVar [[r.DistanceFieldAO:1]]
[2022.10.23-17.00.27:944][  0]LogConfig: Setting CVar [[r.AOQuality:2]]
[2022.10.23-17.00.27:944][  0]LogConfig: Setting CVar [[r.VolumetricFog:1]]
[2022.10.23-17.00.27:944][  0]LogConfig: Setting CVar [[r.VolumetricFog.GridPixelSize:8]]
[2022.10.23-17.00.27:944][  0]LogConfig: Setting CVar [[r.VolumetricFog.GridSizeZ:128]]
[2022.10.23-17.00.27:944][  0]LogConfig: Setting CVar [[r.VolumetricFog.HistoryMissSupersampleCount:4]]
[2022.10.23-17.00.27:944][  0]LogConfig: Setting CVar [[r.LightMaxDrawDistanceScale:1]]
[2022.10.23-17.00.27:944][  0]LogConfig: Setting CVar [[r.CapsuleShadows:1]]
[2022.10.23-17.00.27:944][  0]LogConfig: Applying CVar settings from Section [PostProcessQuality@3] File [C:/Users/gonga/Documents/Unreal Projects/MultiplayerPrototype/Saved/Config/Windows/Scalability.ini]
[2022.10.23-17.00.27:944][  0]LogConfig: Setting CVar [[r.MotionBlurQuality:4]]
[2022.10.23-17.00.27:944][  0]LogConfig: Setting CVar [[r.AmbientOcclusionMipLevelFactor:0.4]]
[2022.10.23-17.00.27:944][  0]LogConfig: Setting CVar [[r.AmbientOcclusionMaxQuality:100]]
[2022.10.23-17.00.27:944][  0]LogConfig: Setting CVar [[r.AmbientOcclusionLevels:-1]]
[2022.10.23-17.00.27:944][  0]LogConfig: Setting CVar [[r.AmbientOcclusionRadiusScale:1.0]]
[2022.10.23-17.00.27:944][  0]LogConfig: Setting CVar [[r.DepthOfFieldQuality:2]]
[2022.10.23-17.00.27:944][  0]LogConfig: Setting CVar [[r.RenderTargetPoolMin:400]]
[2022.10.23-17.00.27:944][  0]LogConfig: Setting CVar [[r.LensFlareQuality:2]]
[2022.10.23-17.00.27:944][  0]LogConfig: Setting CVar [[r.SceneColorFringeQuality:1]]
[2022.10.23-17.00.27:944][  0]LogConfig: Setting CVar [[r.EyeAdaptationQuality:2]]
[2022.10.23-17.00.27:944][  0]LogConfig: Setting CVar [[r.BloomQuality:5]]
[2022.10.23-17.00.27:944][  0]LogConfig: Setting CVar [[r.FastBlurThreshold:100]]
[2022.10.23-17.00.27:944][  0]LogConfig: Setting CVar [[r.Upscale.Quality:3]]
[2022.10.23-17.00.27:944][  0]LogConfig: Setting CVar [[r.Tonemapper.GrainQuantization:1]]
[2022.10.23-17.00.27:944][  0]LogConfig: Setting CVar [[r.LightShaftQuality:1]]
[2022.10.23-17.00.27:944][  0]LogConfig: Setting CVar [[r.Filter.SizeScale:1]]
[2022.10.23-17.00.27:944][  0]LogConfig: Setting CVar [[r.Tonemapper.Quality:5]]
[2022.10.23-17.00.27:944][  0]LogConfig: Setting CVar [[r.DOF.Gather.AccumulatorQuality:1        ; higher gathering accumulator quality]]
[2022.10.23-17.00.27:944][  0]LogConfig: Setting CVar [[r.DOF.Gather.PostfilterMethod:1          ; Median3x3 postfilering method]]
[2022.10.23-17.00.27:944][  0]LogConfig: Setting CVar [[r.DOF.Gather.EnableBokehSettings:0       ; no bokeh simulation when gathering]]
[2022.10.23-17.00.27:944][  0]LogConfig: Setting CVar [[r.DOF.Gather.RingCount:4                 ; medium number of samples when gathering]]
[2022.10.23-17.00.27:944][  0]LogConfig: Setting CVar [[r.DOF.Scatter.ForegroundCompositing:1    ; additive foreground scattering]]
[2022.10.23-17.00.27:944][  0]LogConfig: Setting CVar [[r.DOF.Scatter.BackgroundCompositing:2    ; additive background scattering]]
[2022.10.23-17.00.27:944][  0]LogConfig: Setting CVar [[r.DOF.Scatter.EnableBokehSettings:1      ; bokeh simulation when scattering]]
[2022.10.23-17.00.27:944][  0]LogConfig: Setting CVar [[r.DOF.Scatter.MaxSpriteRatio:0.1         ; only a maximum of 10% of scattered bokeh]]
[2022.10.23-17.00.27:944][  0]LogConfig: Setting CVar [[r.DOF.Recombine.Quality:1                ; cheap slight out of focus]]
[2022.10.23-17.00.27:944][  0]LogConfig: Setting CVar [[r.DOF.Recombine.EnableBokehSettings:0    ; no bokeh simulation on slight out of focus]]
[2022.10.23-17.00.27:944][  0]LogConfig: Setting CVar [[r.DOF.TemporalAAQuality:1                ; more stable temporal accumulation]]
[2022.10.23-17.00.27:944][  0]LogConfig: Setting CVar [[r.DOF.Kernel.MaxForegroundRadius:0.025]]
[2022.10.23-17.00.27:944][  0]LogConfig: Setting CVar [[r.DOF.Kernel.MaxBackgroundRadius:0.025]]
[2022.10.23-17.00.27:944][  0]LogConfig: Applying CVar settings from Section [TextureQuality@3] File [C:/Users/gonga/Documents/Unreal Projects/MultiplayerPrototype/Saved/Config/Windows/Scalability.ini]
[2022.10.23-17.00.27:944][  0]LogConfig: Setting CVar [[r.Streaming.MipBias:0]]
[2022.10.23-17.00.27:944][  0]LogConfig: Setting CVar [[r.Streaming.AmortizeCPUToGPUCopy:0]]
[2022.10.23-17.00.27:944][  0]LogConfig: Setting CVar [[r.Streaming.MaxNumTexturesToStreamPerFrame:0]]
[2022.10.23-17.00.27:944][  0]LogConfig: Setting CVar [[r.Streaming.Boost:1]]
[2022.10.23-17.00.27:944][  0]LogConfig: Setting CVar [[r.MaxAnisotropy:8]]
[2022.10.23-17.00.27:944][  0]LogConfig: Setting CVar [[r.VT.MaxAnisotropy:8]]
[2022.10.23-17.00.27:944][  0]LogConfig: Setting CVar [[r.Streaming.LimitPoolSizeToVRAM:0]]
[2022.10.23-17.00.27:944][  0]LogConfig: Setting CVar [[r.Streaming.PoolSize:1000]]
[2022.10.23-17.00.27:944][  0]LogConfig: Setting CVar [[r.Streaming.MaxEffectiveScreenSize:0]]
[2022.10.23-17.00.27:944][  0]LogConfig: Applying CVar settings from Section [EffectsQuality@3] File [C:/Users/gonga/Documents/Unreal Projects/MultiplayerPrototype/Saved/Config/Windows/Scalability.ini]
[2022.10.23-17.00.27:944][  0]LogConfig: Setting CVar [[r.TranslucencyLightingVolumeDim:64]]
[2022.10.23-17.00.27:944][  0]LogConfig: Setting CVar [[r.RefractionQuality:2]]
[2022.10.23-17.00.27:944][  0]LogConfig: Setting CVar [[r.SSR.Quality:3]]
[2022.10.23-17.00.27:944][  0]LogConfig: Setting CVar [[r.SSR.HalfResSceneColor:0]]
[2022.10.23-17.00.27:944][  0]LogConfig: Setting CVar [[r.SceneColorFormat:4]]
[2022.10.23-17.00.27:944][  0]LogConfig: Setting CVar [[r.DetailMode:2]]
[2022.10.23-17.00.27:944][  0]LogConfig: Setting CVar [[r.TranslucencyVolumeBlur:1]]
[2022.10.23-17.00.27:944][  0]LogConfig: Setting CVar [[r.MaterialQualityLevel:1 ; High quality]]
[2022.10.23-17.00.27:944][  0]LogConfig: Setting CVar [[r.AnisotropicMaterials:1]]
[2022.10.23-17.00.27:944][  0]LogConfig: Setting CVar [[r.SSS.Scale:1]]
[2022.10.23-17.00.27:944][  0]LogConfig: Setting CVar [[r.SSS.SampleSet:2]]
[2022.10.23-17.00.27:944][  0]LogConfig: Setting CVar [[r.SSS.Quality:1]]
[2022.10.23-17.00.27:944][  0]LogConfig: Setting CVar [[r.SSS.HalfRes:0]]
[2022.10.23-17.00.27:944][  0]LogConfig: Setting CVar [[r.SSGI.Quality:3]]
[2022.10.23-17.00.27:944][  0]LogConfig: Setting CVar [[r.EmitterSpawnRateScale:1.0]]
[2022.10.23-17.00.27:944][  0]LogConfig: Setting CVar [[r.ParticleLightQuality:2]]
[2022.10.23-17.00.27:944][  0]LogConfig: Setting CVar [[r.SkyAtmosphere.AerialPerspectiveLUT.FastApplyOnOpaque:1 ; Always have FastSkyLUT 1 in this case to avoid wrong sky]]
[2022.10.23-17.00.27:944][  0]LogConfig: Setting CVar [[r.SkyAtmosphere.AerialPerspectiveLUT.SampleCountMaxPerSlice:4]]
[2022.10.23-17.00.27:944][  0]LogConfig: Setting CVar [[r.SkyAtmosphere.AerialPerspectiveLUT.DepthResolution:16.0]]
[2022.10.23-17.00.27:944][  0]LogConfig: Setting CVar [[r.SkyAtmosphere.FastSkyLUT:1]]
[2022.10.23-17.00.27:944][  0]LogConfig: Setting CVar [[r.SkyAtmosphere.FastSkyLUT.SampleCountMin:4.0]]
[2022.10.23-17.00.27:944][  0]LogConfig: Setting CVar [[r.SkyAtmosphere.FastSkyLUT.SampleCountMax:128.0]]
[2022.10.23-17.00.27:944][  0]LogConfig: Setting CVar [[r.SkyAtmosphere.SampleCountMin:4.0]]
[2022.10.23-17.00.27:944][  0]LogConfig: Setting CVar [[r.SkyAtmosphere.SampleCountMax:128.0]]
[2022.10.23-17.00.27:944][  0]LogConfig: Setting CVar [[r.SkyAtmosphere.TransmittanceLUT.UseSmallFormat:0]]
[2022.10.23-17.00.27:944][  0]LogConfig: Setting CVar [[r.SkyAtmosphere.TransmittanceLUT.SampleCount:10.0]]
[2022.10.23-17.00.27:944][  0]LogConfig: Setting CVar [[r.SkyAtmosphere.MultiScatteringLUT.SampleCount:15.0]]
[2022.10.23-17.00.27:944][  0]LogConfig: Setting CVar [[r.SkyLight.RealTimeReflectionCapture:1]]
[2022.10.23-17.00.27:945][  0]LogConfig: Applying CVar settings from Section [FoliageQuality@3] File [C:/Users/gonga/Documents/Unreal Projects/MultiplayerPrototype/Saved/Config/Windows/Scalability.ini]
[2022.10.23-17.00.27:945][  0]LogConfig: Setting CVar [[foliage.DensityScale:1.0]]
[2022.10.23-17.00.27:945][  0]LogConfig: Setting CVar [[grass.DensityScale:1.0]]
[2022.10.23-17.00.27:945][  0]LogConfig: Applying CVar settings from Section [ShadingQuality@3] File [C:/Users/gonga/Documents/Unreal Projects/MultiplayerPrototype/Saved/Config/Windows/Scalability.ini]
[2022.10.23-17.00.27:945][  0]LogConfig: Setting CVar [[r.HairStrands.SkyLighting.IntegrationType:2]]
[2022.10.23-17.00.27:945][  0]LogConfig: Setting CVar [[r.HairStrands.SkyAO.SampleCount:4]]
[2022.10.23-17.00.27:945][  0]LogConfig: Setting CVar [[r.HairStrands.Visibility.MSAA.SamplePerPixel:4]]
[2022.10.23-17.00.27:945][  0]LogConfig: Applying CVar settings from Section [Startup] File [../../../Engine/Config/ConsoleVariables.ini]
[2022.10.23-17.00.27:946][  0]LogConfig: Setting CVar [[net.UseAdaptiveNetUpdateFrequency:0]]
[2022.10.23-17.00.27:946][  0]LogConfig: Setting CVar [[p.chaos.AllowCreatePhysxBodies:1]]
[2022.10.23-17.00.27:946][  0]LogConfig: Setting CVar [[fx.SkipVectorVMBackendOptimizations:1]]
[2022.10.23-17.00.27:946][  0]LogConfig: Applying CVar settings from Section [ConsoleVariables] File [C:/Users/gonga/Documents/Unreal Projects/MultiplayerPrototype/Saved/Config/Windows/Engine.ini]
[2022.10.23-17.00.27:946][  0]LogConfig: Applying CVar settings from Section [ConsoleVariables] File [C:/Users/gonga/Documents/Unreal Projects/MultiplayerPrototype/Saved/Config/Windows/Editor.ini]
[2022.10.23-17.00.27:948][  0]LogInit: Computer: LAPTOP-P2205TNS
[2022.10.23-17.00.27:948][  0]LogInit: User: gonga
[2022.10.23-17.00.27:948][  0]LogInit: CPU Page size=4096, Cores=8
[2022.10.23-17.00.27:948][  0]LogInit: High frequency timer resolution =10.000000 MHz
[2022.10.23-17.00.27:948][  0]LogMemory: Memory total: Physical=15.4GB (16GB approx)
[2022.10.23-17.00.27:948][  0]LogMemory: Platform Memory Stats for Windows
[2022.10.23-17.00.27:948][  0]LogMemory: Process Physical Memory: 144.84 MB used, 144.84 MB peak
[2022.10.23-17.00.27:948][  0]LogMemory: Process Virtual Memory: 127.32 MB used, 127.32 MB peak
[2022.10.23-17.00.27:948][  0]LogMemory: Physical Memory: 13890.59 MB used,  1885.47 MB free, 15776.06 MB total
[2022.10.23-17.00.27:948][  0]LogMemory: Virtual Memory: 134213056.00 MB used,  4673.97 MB free, 134217728.00 MB total
[2022.10.23-17.00.27:959][  0]LogWindows: WindowsPlatformFeatures enabled
[2022.10.23-17.00.28:330][  0]LogInit: Physics initialised using underlying interface: PhysX
[2022.10.23-17.00.28:332][  0]LogInit: Using OS detected language (pt-PT).
[2022.10.23-17.00.28:332][  0]LogInit: Using OS detected locale (pt-PT).
[2022.10.23-17.00.28:360][  0]LogTextLocalizationManager: No localization for 'pt-PT' exists, so 'en' will be used for the language.
[2022.10.23-17.00.28:865][  0]LogInit: Setting process to per monitor DPI aware
[2022.10.23-17.00.28:906][  0]LogWindowsTextInputMethodSystem: Display: IME system deactivated.
[2022.10.23-17.00.29:009][  0]LogSlate: New Slate User Created.  User Index 0, Is Virtual User: 0
[2022.10.23-17.00.29:009][  0]LogSlate: Slate User Registered.  User Index 0, Is Virtual User: 0
[2022.10.23-17.00.33:195][  0]LogD3D11RHI: Loaded GFSDK_Aftermath_Lib.x64.dll
[2022.10.23-17.00.33:221][  0]LogHMD: Failed to initialize OpenVR with code 110
[2022.10.23-17.00.33:221][  0]LogD3D11RHI: D3D11 min allowed feature level: 11_0
[2022.10.23-17.00.33:221][  0]LogD3D11RHI: D3D11 max allowed feature level: 11_0
[2022.10.23-17.00.33:221][  0]LogD3D11RHI: D3D11 adapters:
[2022.10.23-17.00.33:363][  0]LogD3D11RHI:    0. 'NVIDIA GeForce RTX 3050 Ti Laptop GPU' (Feature Level 11_0)
[2022.10.23-17.00.33:364][  0]LogD3D11RHI:       3990/0/7888 MB DedicatedVideo/DedicatedSystem/SharedSystem, Outputs:1, VendorId:0x10de
[2022.10.23-17.00.33:432][  0]LogD3D11RHI:    1. 'AMD Radeon(TM) Graphics' (Feature Level 11_0)
[2022.10.23-17.00.33:432][  0]LogD3D11RHI:       496/0/7888 MB DedicatedVideo/DedicatedSystem/SharedSystem, Outputs:0, VendorId:0x1002
[2022.10.23-17.00.33:437][  0]LogD3D11RHI:    2. 'Microsoft Basic Render Driver' (Feature Level 11_0)
[2022.10.23-17.00.33:437][  0]LogD3D11RHI:       0/0/7888 MB DedicatedVideo/DedicatedSystem/SharedSystem, Outputs:0, VendorId:0x1414
[2022.10.23-17.00.33:437][  0]LogD3D11RHI: Chosen D3D11 Adapter:
[2022.10.23-17.00.33:437][  0]LogD3D11RHI:     Description : NVIDIA GeForce RTX 3050 Ti Laptop GPU
[2022.10.23-17.00.33:437][  0]LogD3D11RHI:     VendorId    : 10de
[2022.10.23-17.00.33:437][  0]LogD3D11RHI:     DeviceId    : 25a0
[2022.10.23-17.00.33:437][  0]LogD3D11RHI:     SubSysId    : 10fc1043
[2022.10.23-17.00.33:437][  0]LogD3D11RHI:     Revision    : 00a1
[2022.10.23-17.00.33:437][  0]LogD3D11RHI:     DedicatedVideoMemory : 4183818240 bytes
[2022.10.23-17.00.33:437][  0]LogD3D11RHI:     DedicatedSystemMemory : 0 bytes
[2022.10.23-17.00.33:437][  0]LogD3D11RHI:     SharedSystemMemory : 8271198208 bytes
[2022.10.23-17.00.33:437][  0]LogD3D11RHI:     AdapterLuid : 0 67022
[2022.10.23-17.00.33:454][  0]LogD3D11RHI: Creating new Direct3DDevice
[2022.10.23-17.00.33:454][  0]LogD3D11RHI:     GPU DeviceId: 0x25a0 (for the marketing name, search the web for "GPU Device Id")
[2022.10.23-17.00.33:454][  0]LogWindows: EnumDisplayDevices:
[2022.10.23-17.00.33:455][  0]LogWindows:    0. 'AMD Radeon(TM) Graphics' (P:1 D:1)
[2022.10.23-17.00.33:455][  0]LogWindows:    1. 'AMD Radeon(TM) Graphics' (P:0 D:0)
[2022.10.23-17.00.33:456][  0]LogWindows:    2. 'AMD Radeon(TM) Graphics' (P:0 D:0)
[2022.10.23-17.00.33:456][  0]LogWindows:    3. 'NVIDIA GeForce RTX 3050 Ti Laptop GPU' (P:0 D:0)
[2022.10.23-17.00.33:456][  0]LogWindows:    4. 'NVIDIA GeForce RTX 3050 Ti Laptop GPU' (P:0 D:0)
[2022.10.23-17.00.33:457][  0]LogWindows:    5. 'NVIDIA GeForce RTX 3050 Ti Laptop GPU' (P:0 D:0)
[2022.10.23-17.00.33:457][  0]LogWindows:    6. 'NVIDIA GeForce RTX 3050 Ti Laptop GPU' (P:0 D:0)
[2022.10.23-17.00.33:457][  0]LogWindows: DebugString: PrimaryIsNotTheChoosenAdapter PrimaryIsNotTheChoosenAdapter PrimaryIsNotTheChoosenAdapter FoundDriverCount:4 
[2022.10.23-17.00.33:457][  0]LogD3D11RHI:     Adapter Name: NVIDIA GeForce RTX 3050 Ti Laptop GPU
[2022.10.23-17.00.33:457][  0]LogD3D11RHI:   Driver Version: 512.78 (internal:30.0.15.1278, unified:512.78)
[2022.10.23-17.00.33:457][  0]LogD3D11RHI:      Driver Date: 5-5-2022
[2022.10.23-17.00.33:457][  0]LogRHI: Texture pool is 2793 MB (70% of 3990 MB)
[2022.10.23-17.00.33:457][  0]LogD3D11RHI: Creating D3DDevice using adapter:
[2022.10.23-17.00.33:457][  0]LogD3D11RHI:     Description : NVIDIA GeForce RTX 3050 Ti Laptop GPU
[2022.10.23-17.00.33:458][  0]LogD3D11RHI:     VendorId    : 10de
[2022.10.23-17.00.33:458][  0]LogD3D11RHI:     DeviceId    : 25a0
[2022.10.23-17.00.33:458][  0]LogD3D11RHI:     SubSysId    : 10fc1043
[2022.10.23-17.00.33:458][  0]LogD3D11RHI:     Revision    : 00a1
[2022.10.23-17.00.33:458][  0]LogD3D11RHI:     DedicatedVideoMemory : 4183818240 bytes
[2022.10.23-17.00.33:458][  0]LogD3D11RHI:     DedicatedSystemMemory : 0 bytes
[2022.10.23-17.00.33:458][  0]LogD3D11RHI:     SharedSystemMemory : 8271198208 bytes
[2022.10.23-17.00.33:458][  0]LogD3D11RHI:     AdapterLuid : 0 67022
[2022.10.23-17.00.33:524][  0]LogD3D11RHI: RHI has support for 64 bit atomics
[2022.10.23-17.00.33:525][  0]LogD3D11RHI: Async texture creation enabled
[2022.10.23-17.00.33:525][  0]LogD3D11RHI: Array index from any shader is supported
[2022.10.23-17.00.33:602][  0]LogD3D11RHI: GPU Timing Frequency: 1000.000000 (Debug: 2 2)
[2022.10.23-17.00.33:663][  0]LogRHI: GeForceNow SDK initialized: 1
[2022.10.23-17.00.34:189][  0]LogTargetPlatformManager: Display: Loaded TargetPlatform 'AllDesktop'
[2022.10.23-17.00.34:231][  0]LogTargetPlatformManager: Display: Loaded TargetPlatform 'Android'
[2022.10.23-17.00.34:231][  0]LogTargetPlatformManager: Display: Loaded TargetPlatform 'Android_ASTC'
[2022.10.23-17.00.34:231][  0]LogTargetPlatformManager: Display: Loaded TargetPlatform 'Android_DXT'
[2022.10.23-17.00.34:231][  0]LogTargetPlatformManager: Display: Loaded TargetPlatform 'Android_ETC2'
[2022.10.23-17.00.34:231][  0]LogTargetPlatformManager: Display: Loaded TargetPlatform 'AndroidClient'
[2022.10.23-17.00.34:231][  0]LogTargetPlatformManager: Display: Loaded TargetPlatform 'Android_ASTCClient'
[2022.10.23-17.00.34:231][  0]LogTargetPlatformManager: Display: Loaded TargetPlatform 'Android_DXTClient'
[2022.10.23-17.00.34:231][  0]LogTargetPlatformManager: Display: Loaded TargetPlatform 'Android_ETC2Client'
[2022.10.23-17.00.34:231][  0]LogTargetPlatformManager: Display: Loaded TargetPlatform 'Android_Multi'
[2022.10.23-17.00.34:231][  0]LogTargetPlatformManager: Display: Loaded TargetPlatform 'Android_MultiClient'
[2022.10.23-17.00.34:267][  0]LogTargetPlatformManager: Display: Loaded TargetPlatform 'IOSClient'
[2022.10.23-17.00.34:267][  0]LogTargetPlatformManager: Display: Loaded TargetPlatform 'IOS'
[2022.10.23-17.00.34:287][  0]LogTargetPlatformManager: Display: Loaded TargetPlatform 'Linux'
[2022.10.23-17.00.34:296][  0]LogTargetPlatformManager: Display: Loaded TargetPlatform 'LinuxNoEditor'
[2022.10.23-17.00.34:305][  0]LogTargetPlatformManager: Display: Loaded TargetPlatform 'LinuxClient'
[2022.10.23-17.00.34:314][  0]LogTargetPlatformManager: Display: Loaded TargetPlatform 'LinuxServer'
[2022.10.23-17.00.34:333][  0]LogTargetPlatformManager: Display: Loaded TargetPlatform 'LinuxAArch64NoEditor'
[2022.10.23-17.00.34:344][  0]LogTargetPlatformManager: Display: Loaded TargetPlatform 'LinuxAArch64Client'
[2022.10.23-17.00.34:356][  0]LogTargetPlatformManager: Display: Loaded TargetPlatform 'LinuxAArch64Server'
[2022.10.23-17.00.34:405][  0]LogTargetPlatformManager: Display: Loaded TargetPlatform 'Lumin'
[2022.10.23-17.00.34:405][  0]LogTargetPlatformManager: Display: Loaded TargetPlatform 'LuminClient'
[2022.10.23-17.00.34:423][  0]LogTargetPlatformManager: Display: Loaded TargetPlatform 'MacNoEditor'
[2022.10.23-17.00.34:430][  0]LogTargetPlatformManager: Display: Loaded TargetPlatform 'Mac'
[2022.10.23-17.00.34:442][  0]LogTargetPlatformManager: Display: Loaded TargetPlatform 'MacClient'
[2022.10.23-17.00.34:451][  0]LogTargetPlatformManager: Display: Loaded TargetPlatform 'MacServer'
[2022.10.23-17.00.34:469][  0]LogTargetPlatformManager: Display: Loaded TargetPlatform 'TVOSClient'
[2022.10.23-17.00.34:469][  0]LogTargetPlatformManager: Display: Loaded TargetPlatform 'TVOS'
[2022.10.23-17.00.34:487][  0]LogTargetPlatformManager: Display: Loaded TargetPlatform 'WindowsNoEditor'
[2022.10.23-17.00.34:497][  0]LogTargetPlatformManager: Display: Loaded TargetPlatform 'Windows'
[2022.10.23-17.00.34:507][  0]LogTargetPlatformManager: Display: Loaded TargetPlatform 'WindowsClient'
[2022.10.23-17.00.34:517][  0]LogTargetPlatformManager: Display: Loaded TargetPlatform 'WindowsServer'
[2022.10.23-17.00.34:517][  0]LogTargetPlatformManager: Display: Building Assets For Windows
[2022.10.23-17.00.34:600][  0]LogAudioDebug: Display: Lib vorbis DLL was dynamically loaded.
[2022.10.23-17.00.34:771][  0]LogTextureFormatOodle: Display: Oodle Texture 2.9.0 init RDO Off
[2022.10.23-17.00.34:962][  0]LogRendererCore: Ray tracing is disabled. Reason: r.RayTracing=0.
[2022.10.23-17.00.34:965][  0]LogShaderCompilers: Guid format shader working directory is -31 characters bigger than the processId version (../../../../../../Users/gonga/Documents/Unreal Projects/MultiplayerPrototype/Intermediate/Shaders/WorkingDirectory/43492/).
[2022.10.23-17.00.34:965][  0]LogShaderCompilers: Cleaned the shader compiler working directory 'C:/Users/gonga/AppData/Local/Temp/UnrealShaderWorkingDir/FED047C44D8DC9A29BBE7FAE444029F1/'.
[2022.10.23-17.00.34:967][  0]LogXGEController: Cannot use XGE Controller as Incredibuild is not installed on this machine.
[2022.10.23-17.00.34:967][  0]LogShaderCompilers: Cannot use XGE Shader Compiler as Incredibuild is not installed on this machine.
[2022.10.23-17.00.34:967][  0]LogShaderCompilers: Display: Using Local Shader Compiler.
[2022.10.23-17.00.41:393][  0]LogDerivedDataCache: Display: Max Cache Size: 512 MB
[2022.10.23-17.00.41:554][  0]LogDerivedDataCache: Loaded boot cache 0.16s 99MB C:/Users/gonga/AppData/Local/UnrealEngine/4.27/DerivedDataCache/Boot.ddc.
[2022.10.23-17.00.41:554][  0]LogDerivedDataCache: Display: Loaded Boot cache: C:/Users/gonga/AppData/Local/UnrealEngine/4.27/DerivedDataCache/Boot.ddc
[2022.10.23-17.00.41:555][  0]LogDerivedDataCache: FDerivedDataBackendGraph:  Pak pak cache file ../../../../../../Users/gonga/Documents/Unreal Projects/MultiplayerPrototype/DerivedDataCache/DDC.ddp not found, will not use a pak cache.
[2022.10.23-17.00.41:555][  0]LogDerivedDataCache: Unable to find inner node Pak for hierarchical cache Hierarchy.
[2022.10.23-17.00.41:555][  0]LogDerivedDataCache: FDerivedDataBackendGraph:  CompressedPak pak cache file ../../../../../../Users/gonga/Documents/Unreal Projects/MultiplayerPrototype/DerivedDataCache/Compressed.ddp not found, will not use a pak cache.
[2022.10.23-17.00.41:555][  0]LogDerivedDataCache: Unable to find inner node CompressedPak for hierarchical cache Hierarchy.
[2022.10.23-17.00.41:582][  0]LogDerivedDataCache: Display: Pak cache opened for reading ../../../Engine/DerivedDataCache/Compressed.ddp.
[2022.10.23-17.00.41:582][  0]LogDerivedDataCache: FDerivedDataBackendGraph:  EnterprisePak pak cache file ../../../Enterprise/DerivedDataCache/Compressed.ddp not found, will not use a pak cache.
[2022.10.23-17.00.41:582][  0]LogDerivedDataCache: Unable to find inner node EnterprisePak for hierarchical cache Hierarchy.
[2022.10.23-17.00.41:625][  0]LogDerivedDataCache: Speed tests for C:/Users/gonga/AppData/Local/UnrealEngine/Common/DerivedDataCache took 0.04 seconds
[2022.10.23-17.00.41:625][  0]LogDerivedDataCache: Display: Performance to C:/Users/gonga/AppData/Local/UnrealEngine/Common/DerivedDataCache: Latency=0.50ms. RandomReadSpeed=57.98MBs, RandomWriteSpeed=45.66MBs. Assigned SpeedClass 'Local'
[2022.10.23-17.00.41:627][  0]LogDerivedDataCache: Using Local data cache path C:/Users/gonga/AppData/Local/UnrealEngine/Common/DerivedDataCache: Writable
[2022.10.23-17.00.41:628][  0]LogDerivedDataCache: Shared data cache path not found in *engine.ini, will not use an Shared cache.
[2022.10.23-17.00.41:628][  0]LogDerivedDataCache: Unable to find inner node Shared for hierarchical cache Hierarchy.
[2022.10.23-17.00.41:699][  0]LogSlate: Using FreeType 2.10.0
[2022.10.23-17.00.41:722][  0]LogSlate: SlateFontServices - WITH_FREETYPE: 1, WITH_HARFBUZZ: 1
[2022.10.23-17.00.41:787][  0]LogAssetRegistry: FAssetRegistry took 0.0091 seconds to start up
[2022.10.23-17.00.42:432][  0]LogInit: Selected Device Profile: [Windows]
[2022.10.23-17.00.42:432][  0]LogInit: Active device profile: [00000175FB747C00][00000175FB2F4CC0 49] Windows
[2022.10.23-17.00.42:432][  0]LogInit: Profiles: [00000175FB747C00][00000175FB2F4CC0 49] Windows, [00000175FCB04500][00000175FB2F8E40 49] WindowsNoEditor, [00000175FB744500][00000175FB2FCFC0 49] WindowsServer, [00000175FCB07600][00000175FB301140 49] WindowsClient, [00000175FB747500][00000175FB3052C0 49] IOS, [00000175FCB04E00][00000175FB309440 49] iPadAir, [00000175FB744D00][00000175FB3115C0 49] iPadAir2, [00000175FCAC8600][00000175FB319880 49] IPadPro, [00000175FCAC8700][00000175FB3158C0 49] iPadAir3, [00000175FB746F00][00000175FB31DA40 49] iPadAir4, [00000175FCACBA00][00000175FC4EFBC0 49] iPadMini2, [00000175FB745100][00000175FC4F21C0 49] iPadMini3, [00000175FCAC9600][00000175FC4F6340 49] iPadMini4, [00000175FB746800][00000175FC4FA4C0 49] iPadMini5, [00000175FCAB7E00][00000175FC502780 49] iPhone6, [00000175FCAB7F00][00000175FC4FE7C0 49] iPodTouch6, [00000175FCB07400][00000175FB2F0A40 49] iPhone7, [00000175FCACB400][00000175FC506A80 49] iPodTouch7, [00000175FCAB4800][00000175FC50ABC0 49] iPhone5S, [00000175FCACAA00][00000175FC50ED00 49] iPhone6Plus, [00000175FCAB7100][00000175FC516E80 49] iPhone6S, [00000175FCAC8C00][00000175FC51B000 49] iPhone6SPlus, [00000175FCAB5000][00000175FC51F180 49] iPhone7Plus, [00000175FCAC8400][00000175FC523300 49] iPhoneSE, [00000175FCAB6A00][00000175FC527480 49] iPhone8, [00000175FCAC9700][00000175FC52B600 49] iPhone8Plus, [00000175FCAB5700][00000175FC52F780 49] iPhoneX, [00000175FCAC9500][00000175FC533900 49] iPhoneXS, [00000175FCAB6300][00000175FC537A80 49] iPhoneXSMax, [00000175FCAC9E00][00000175FC53BC00 49] iPhoneXR, [00000175FCAB4700][00000175FC53E200 49] iPhone11, [00000175FCACAE00][00000175FC542380 49] iPhone11Pro, [00000175FCAB7400][00000175FC546500 49] iPhone11ProMax, [00000175FCAC8800][00000175FC54A680 49] iPhoneSE2, [00000175FCAB4D00][00000175FC54E800 49] iPhone12Mini, [00000175FCACAD00][00000175FC552980 49] iPhone12, [00000175FCAB5300][00000175FC556B00 49] iPhone12Pro, [00000175FCAC8F00][00000175FC512C40 49] iPhone12ProMax, [00000175FCAB6900][00000175FC55AD80 49] iPadPro105, [00000175FCAC9900][00000175FC55EEC0 49] iPadPro129, [00000175FCAB7300][00000175FC567040 49] iPadPro97, [00000175FCACB100][00000175FC56B1C0 49] iPadPro2_129, [00000175FCAB5100][00000175FC56F340 49] iPad5, [00000175FCAC9000][00000175FC5734C0 49] iPad6, [00000175FCAB7200][00000175FC577640 49] iPad7, [00000175FCACA700][00000175FC57B7C0 49] iPad8, [00000175FCAB7B00][00000175FC57F940 49] iPadPro11, [00000175FCAC8D00][00000175FC583AC0 49] iPadPro2_11, [00000175FCAB6800][00000175FC5860C0 49] iPadPro3_129, [00000175FCACAF00][00000175FC58A240 49] iPadPro4_129, [00000175FCAB5900][00000175FC58E3C0 49] AppleTV, [00000175FCAC9D00][00000175FC592540 49] AppleTV4K, [00000175FCAB4F00][00000175FC5966C0 49] TVOS, [00000175FCAC9400][00000175FC59A840 49] Mac, [00000175FCAB5D00][00000175FC59E9C0 49] MacClient, [00000175FCACB600][00000175FC5A2B40 49] MacNoEditor, [00000175FCAB5E00][00000175FC5A6CC0 49] MacServer, [00000175FCACA300][00000175FC562E00 49] Linux, [00000175FCAB5B00][00000175FC5AAF40 49] LinuxAArch64, [00000175FCACA800][00000175FC5AF080 49] LinuxNoEditor, [00000175FCAB5F00][00000175FC5B31C0 49] LinuxAArch64NoEditor, [00000175FCAC9C00][00000175FC5BB340 49] LinuxClient, [00000175FCAB4600][00000175FC5BF4C0 49] LinuxAArch64Client, [00000175FCACB900][00000175FC5C3640 49] LinuxServer, [00000175FCAB5600][00000175FC5C77C0 49] LinuxAArch64Server, [00000175FCAC8A00][00000175FC5CB940 49] Android, [00000175FCAB5A00][00000175FC5CFAC0 49] Android_Low, [00000175FCAC9300][00000175FC5D20C0 49] Android_Mid, [00000175FB786200][00000175FC5D6240 49] Android_High, [00000175FCB04400][00000175FC5DA3C0 49] Android_Default, [00000175FB784B00][00000175FC5DE540 49] Android_Adreno4xx, [00000175FCB04A00][00000175FC5E26C0 49] Android_Adreno5xx_Low, [00000175FB784700][00000175FC5E6840 49] Android_Adreno5xx, [00000175FCB05700][00000175FC5EA9C0 49] Android_Adreno6xx, [00000175FB785100][00000175FC5EEB40 49] Android_Adreno6xx_Vulkan, [00000175FCB06000][00000175FC5F2CC0 49] Android_Mali_T6xx, [00000175FB785200][00000175FC5F6E40 49] Android_Mali_T7xx, [00000175FCB07E00][00000175FC5B6F80 49] Android_Mali_T8xx, [00000175FB785E00][00000175FC5FB0C0 49] Android_Mali_G71, [00000175FCB07000][00000175FC5FF200 49] Android_Mali_G72, [00000175FB784800][00000175FC603340 49] Android_Mali_G72_Vulkan, [00000175FCB07900][00000175FC60B4C0 49] Android_Mali_G76, [00000175FB784200][00000175FC60F640 49] Android_Mali_G76_Vulkan, [00000175FCB06F00][00000175FC6137C0 49] Android_Mali_G77, [00000175FB784100][00000175FC617940 49] Android_Mali_G77_Vulkan, [00000175FCB04100][00000175FC61BAC0 49] Android_Mali_G78, [00000175FB784D00][00000175FC61E0C0 49] Android_Mali_G78_Vulkan, [00000175FCB07F00][00000175FC622240 49] Android_Mali_G710, [00000175FB784500][00000175FC6263C0 49] Android_Mali_G710_Vulkan, [00000175FCB05600][00000175FC62A540 49] Android_Vulkan_SM5, [00000175FB785700][00000175FC62E6C0 49] Android_PowerVR_G6xxx, [00000175FCB05100][00000175FC632840 49] Android_PowerVR_GT7xxx, [00000175FB784900][00000175FC6369C0 49] Android_PowerVR_GE8xxx, [00000175FCB05000][00000175FC63AB40 49] Android_PowerVR_GM9xxx, [00000175FCAB5800][00000175FC63ECC0 49] Android_PowerVR_GM9xxx_Vulkan, [00000175FCB05500][00000175FC642E40 49] Android_TegraK1, [00000175FCAB6E00][00000175FC646FC0 49] Android_Unknown_Vulkan, [00000175FCB06900][00000175FC64B140 49] Lumin, [00000175FCAB7600][00000175FC607280 49] Lumin_Desktop, [00000175FCB04B00][00000175FC64F3C0 49] HoloLens, 
[2022.10.23-17.00.42:715][  0]LogMeshReduction: Using QuadricMeshReduction for automatic static mesh reduction
[2022.10.23-17.00.42:715][  0]LogMeshReduction: Using SimplygonMeshReduction for automatic skeletal mesh reduction
[2022.10.23-17.00.42:715][  0]LogMeshReduction: Using ProxyLODMeshReduction for automatic mesh merging
[2022.10.23-17.00.42:715][  0]LogMeshReduction: No distributed automatic mesh merging module available
[2022.10.23-17.00.42:716][  0]LogMeshMerging: No distributed automatic mesh merging module available
[2022.10.23-17.00.42:772][  0]LogNetVersion: MultiplayerPrototype 1.0.0, NetCL: 17155196, EngineNetVer: 17, GameNetVer: 0 (Checksum: 336715637)
[2022.10.23-17.00.43:575][  0]LogTexture: Default maximum texture size for cubemaps generated from long-lat sources has been changed from 512 to unlimited. In order to preserve old behaiour for '/Engine/MapTemplates/Sky/DaylightAmbientCubemap.DaylightAmbientCubemap', its maximum texture size has been explicitly set to 512.
[2022.10.23-17.00.43:686][  0]LogHMD: PokeAHoleMaterial loaded successfully
[2022.10.23-17.00.43:696][  0]LogUObjectArray: 17178 objects as part of root set at end of initial load.
[2022.10.23-17.00.43:696][  0]LogUObjectAllocator: 4302048 out of 0 bytes used by permanent object pool.
[2022.10.23-17.00.43:696][  0]LogUObjectArray: CloseDisregardForGC: 0/0 objects in disregard for GC pool
[2022.10.23-17.00.44:481][  0]LogPython: Using Python 3.7.7
[2022.10.23-17.00.45:546][  0]LogNiagaraDebuggerClient: Niagara Debugger Client Initialized | Session: F5DCFA644E4763E0663AFB9BBDD0DDE1 | Instance: AA610A3A435E9235A9E30792719712BA (LAPTOP-P2205TNS-43492).
[2022.10.23-17.00.46:021][  0]LogTcpMessaging: Initializing TcpMessaging bridge
[2022.10.23-17.00.46:031][  0]LogUdpMessaging: Initializing bridge on interface 0.0.0.0:0 to multicast group 230.0.0.1:6666.
[2022.10.23-17.00.46:977][  0]LogOpenImageDenoise: OIDN starting up
[2022.10.23-17.00.47:030][  0]SourceControl: Source control is disabled
[2022.10.23-17.00.47:030][  0]SourceControl: Source control is disabled
[2022.10.23-17.00.47:044][  0]SourceControl: Source control is disabled
[2022.10.23-17.00.47:081][  0]SourceControl: Source control is disabled
[2022.10.23-17.00.47:087][  0]LogUProjectInfo: Found projects:
[2022.10.23-17.00.47:127][  0]SourceControl: Source control is disabled
[2022.10.23-17.00.47:193][  0]LogAndroidPermission: UAndroidPermissionCallbackProxy::GetInstance
[2022.10.23-17.00.47:264][  0]LogAudioCaptureCore: Display: No Audio Capture implementations found. Audio input will be silent.
[2022.10.23-17.00.47:264][  0]LogAudioCaptureCore: Display: No Audio Capture implementations found. Audio input will be silent.
[2022.10.23-17.00.47:489][  0]LogCollectionManager: Loaded 0 collections in 0.001945 seconds
[2022.10.23-17.00.47:544][  0]LogFileCache: Scanning file cache for directory 'C:/Users/gonga/Documents/Unreal Projects/MultiplayerPrototype/Saved/Collections/' took 0.00s
[2022.10.23-17.00.47:544][  0]LogFileCache: Scanning file cache for directory 'C:/Users/gonga/Documents/Unreal Projects/MultiplayerPrototype/Content/Developers/gonga/Collections/' took 0.00s
[2022.10.23-17.00.47:544][  0]LogFileCache: Scanning file cache for directory 'C:/Users/gonga/Documents/Unreal Projects/MultiplayerPrototype/Content/Collections/' took 0.00s
[2022.10.23-17.00.47:544][  0]LogOcInput: OculusInput pre-init called
[2022.10.23-17.00.47:933][  0]LogEngine: Initializing Engine...
[2022.10.23-17.00.48:011][  0]LogHMD: Failed to enumerate extensions. Please check that you have a valid OpenXR runtime installed.
[2022.10.23-17.00.48:012][  0]LogHMD: Failed to initialize OpenVR with code 110
[2022.10.23-17.00.48:013][  0]LogMagicLeap: Warning: VR disabled because ZI is not enabled.  To enable, in the editor, Edit -> Project Settings -> Plugins -> Magic Leap Plugin -> Enable Zero Iteration
[2022.10.23-17.00.48:019][  0]LogStats: UGameplayTagsManager::InitializeManager -  0.001 s
[2022.10.23-17.00.48:219][  0]LogInit: Initializing FReadOnlyCVARCache
[2022.10.23-17.00.48:269][  0]LogAIModule: Creating AISystem for world Untitled
[2022.10.23-17.00.48:278][  0]LogAudio: Display: Initializing Audio Device Manager...
[2022.10.23-17.00.48:285][  0]LogAudio: Display: Loading Default Audio Settings Objects...
[2022.10.23-17.00.48:287][  0]LogAudio: Display: No default SoundConcurrencyObject specified (or failed to load).
[2022.10.23-17.00.48:289][  0]LogAudio: Display: Audio Device Manager Initialized
[2022.10.23-17.00.48:290][  0]LogAudio: Display: Creating Audio Device:                 Id: 1, Scope: Shared, Realtime: True
[2022.10.23-17.00.48:290][  0]LogAudioMixer: Display: Audio Mixer Platform Settings:
[2022.10.23-17.00.48:290][  0]LogAudioMixer: Display: 	Sample Rate:						  48000
[2022.10.23-17.00.48:291][  0]LogAudioMixer: Display: 	Callback Buffer Frame Size Requested: 1024
[2022.10.23-17.00.48:291][  0]LogAudioMixer: Display: 	Callback Buffer Frame Size To Use:	  1024
[2022.10.23-17.00.48:291][  0]LogAudioMixer: Display: 	Number of buffers to queue:			  2
[2022.10.23-17.00.48:291][  0]LogAudioMixer: Display: 	Max Channels (voices):				  32
[2022.10.23-17.00.48:291][  0]LogAudioMixer: Display: 	Number of Async Source Workers:		  0
[2022.10.23-17.00.48:291][  0]LogAudio: Display: AudioDevice MaxSources: 32
[2022.10.23-17.00.48:292][  0]LogAudio: Display: Audio Spatialization Plugin: None (built-in).
[2022.10.23-17.00.48:292][  0]LogAudio: Display: Audio Reverb Plugin: None (built-in).
[2022.10.23-17.00.48:292][  0]LogAudio: Display: Audio Occlusion Plugin: None (built-in).
[2022.10.23-17.00.48:292][  0]LogAudioMixer: Display: Initializing audio mixer.
[2022.10.23-17.00.48:320][  0]LogAudioMixer: Display: 0: FrontLeft
[2022.10.23-17.00.48:320][  0]LogAudioMixer: Display: 1: FrontRight
[2022.10.23-17.00.48:348][  0]LogAudioMixer: Display: Using Audio Device Headphones (Realtek(R) Audio)
[2022.10.23-17.00.48:354][  0]LogAudioMixer: Display: Initializing Sound Submixes...
[2022.10.23-17.00.48:358][  0]LogAudioMixer: Display: Creating Master Submix 'MasterSubmixDefault'
[2022.10.23-17.00.48:359][  0]LogAudioMixer: Display: Creating Master Submix 'MasterReverbSubmixDefault'
[2022.10.23-17.00.48:361][  0]LogAudioMixer: Display: Creating Master Submix 'MasterEQSubmixDefault'
[2022.10.23-17.00.48:361][  0]LogAudioMixer: FMixerPlatformXAudio2::StartAudioStream() called
[2022.10.23-17.00.48:361][  0]LogAudioMixer: Display: Output buffers initialized: Frames=1024, Channels=2, Samples=2048
[2022.10.23-17.00.48:362][  0]LogAudioMixer: Display: Starting AudioMixerPlatformInterface::RunInternal()
[2022.10.23-17.00.48:362][  0]LogAudioMixer: Display: FMixerPlatformXAudio2::SubmitBuffer() called for the first time
[2022.10.23-17.00.48:362][  0]LogInit: FAudioDevice initialized.
[2022.10.23-17.00.48:364][  0]LogAudio: Display: Audio Device (ID: 1) registered with world 'Untitled'.
[2022.10.23-17.00.48:365][  0]LogNetVersion: Set ProjectVersion to 1.0.0.0. Version Checksum will be recalculated on next use.
[2022.10.23-17.00.48:436][  0]LogDerivedDataCache: Saved boot cache 0.07s 99MB C:/Users/gonga/AppData/Local/UnrealEngine/4.27/DerivedDataCache/Boot.ddc.
[2022.10.23-17.00.48:436][  0]LogInit: Texture streaming: Enabled
[2022.10.23-17.00.48:463][  0]LogAnalytics: Display: [UEEditor.Rocket.Release] APIServer = https://datarouter.ol.epicgames.com/. AppVersion = 4.27.2-18319896+++UE4+Release-4.27
[2022.10.23-17.00.48:473][  0]LogEngineSessionManager: EngineSessionManager initialized
[2022.10.23-17.00.48:473][  0]LogEditorSessionSummary: Verbose: Initializing EditorSessionSummaryWriter for editor session tracking
[2022.10.23-17.00.48:484][  0]LogEditorSessionSummary: EditorSessionSummaryWriter initialized
[2022.10.23-17.00.48:563][  0]LogInit: Transaction tracking system initialized
[2022.10.23-17.00.48:628][  0]BlueprintLog: New page: Editor Load
[2022.10.23-17.00.48:845][  0]LocalizationService: Localization service is disabled
[2022.10.23-17.00.48:952][  0]TimingProfiler: Initialize
[2022.10.23-17.00.48:954][  0]TimingProfiler: OnSessionChanged
[2022.10.23-17.00.48:954][  0]LoadingProfiler: Initialize
[2022.10.23-17.00.48:955][  0]LoadingProfiler: OnSessionChanged
[2022.10.23-17.00.48:955][  0]NetworkingProfiler: Initialize
[2022.10.23-17.00.48:956][  0]NetworkingProfiler: OnSessionChanged
[2022.10.23-17.00.48:956][  0]MemoryProfiler: Initialize
[2022.10.23-17.00.48:956][  0]MemoryProfiler: OnSessionChanged
[2022.10.23-17.00.49:323][  0]LogCook: Display: CookSettings for Memory: MemoryMaxUsedVirtual 0MiB, MemoryMaxUsedPhysical 16384MiB, MemoryMinFreeVirtual 0MiB, MemoryMinFreePhysical 1024MiB
[2022.10.23-17.00.49:324][  0]LogCook: Display: Mobile HDR setting 1
[2022.10.23-17.00.49:885][  0]LogFileCache: Scanning file cache for directory 'C:/Users/gonga/Documents/Unreal Projects/MultiplayerPrototype/Content/' took 0.01s
[2022.10.23-17.00.50:114][  0]LogInit: Display: Engine is initialized. Leaving FEngineLoop::Init()
[2022.10.23-17.00.50:128][  0]SourceControl: Source control is disabled
[2022.10.23-17.00.50:129][  0]LogUnrealEdMisc: Loading editor; pre map load, took 29.270
[2022.10.23-17.00.50:132][  0]Cmd: MAP LOAD FILE="../../../../../../Users/gonga/Documents/Unreal Projects/MultiplayerPrototype/Content/FirstPersonCPP/Maps/FirstPersonExampleMap.umap" TEMPLATE=0 SHOWPROGRESS=1 FEATURELEVEL=3
[2022.10.23-17.00.50:134][  0]LightingResults: New page: Lighting Build
[2022.10.23-17.00.50:146][  0]LogWorld: UWorld::CleanupWorld for Untitled, bSessionEnded=true, bCleanupResources=true
[2022.10.23-17.00.50:149][  0]LogSlate: InvalidateAllWidgets triggered.  All widgets were invalidated
[2022.10.23-17.00.50:151][  0]MapCheck: New page: Map Check
[2022.10.23-17.00.50:151][  0]LightingResults: New page: Lighting Build
[2022.10.23-17.00.50:180][  0]LogAudio: Display: Audio Device unregistered from world 'None'.
[2022.10.23-17.00.50:195][  0]LogUObjectHash: Compacting FUObjectHashTables data took   1.26ms
[2022.10.23-17.00.50:349][  0]LogAudio: Display: Audio Device (ID: 1) registered with world 'FirstPersonExampleMap'.
[2022.10.23-17.00.50:350][  0]LogAIModule: Creating AISystem for world FirstPersonExampleMap
[2022.10.23-17.00.50:382][  0]LogEditorServer: Finished looking for orphan Actors (0.000 secs)
[2022.10.23-17.00.50:403][  0]LogUObjectHash: Compacting FUObjectHashTables data took   1.50ms
[2022.10.23-17.00.50:405][  0]Cmd: MAP CHECKDEP NOCLEARLOG
[2022.10.23-17.00.50:406][  0]MapCheck: Map check complete: 0 Error(s), 0 Warning(s), took 0,819ms to complete.
[2022.10.23-17.00.50:406][  0]LogFileHelpers: Loading map 'FirstPersonExampleMap' took 0.276
[2022.10.23-17.00.50:451][  0]LogUnrealEdMisc: Total Editor Startup Time, took 29.592
[2022.10.23-17.00.50:700][  0]LogSlate: Updating window title bar state: overlay mode, drag disabled, window buttons hidden, title bar hidden
[2022.10.23-17.00.50:720][  0]LogSlate: Updating window title bar state: overlay mode, drag disabled, window buttons hidden, title bar hidden
[2022.10.23-17.00.50:732][  0]LogSlate: Updating window title bar state: overlay mode, drag disabled, window buttons hidden, title bar hidden
[2022.10.23-17.00.50:738][  0]LogSlate: Updating window title bar state: overlay mode, drag disabled, window buttons hidden, title bar hidden
[2022.10.23-17.00.50:797][  0]LogNativeClassHierarchy: Verbose: Native class hierarchy populated in 0.0128 seconds. Added 3828 classes and 930 folders.
[2022.10.23-17.00.50:807][  0]LogNativeClassHierarchy: Verbose: Native class hierarchy updated for 'WidgetCarousel' in 0.0005 seconds. Added 0 classes and 0 folders.
[2022.10.23-17.00.50:825][  0]LogPakFile: PakFile PrimaryIndexSize=187
[2022.10.23-17.00.50:825][  0]LogPakFile: PakFile PathHashIndexSize=101
[2022.10.23-17.00.50:826][  0]LogPakFile: PakFile FullDirectoryIndexSize=148
[2022.10.23-17.00.50:826][  0]LogShaderLibrary: Display: ShaderCodeLibraryPakFileMountedCallback: PakFile 'C:/Program Files/Epic Games/UE_4.27/FeaturePacks/FP_FirstPerson.upack' (chunk index -1, root 'root:/') mounted
[2022.10.23-17.00.50:826][  0]LogShaderLibrary: Display: ShaderCodeLibraryPakFileMountedCallback: pending pak file info (ChunkID:-1 Root:root:/ File:C:/Program Files/Epic Games/UE_4.27/FeaturePacks/FP_FirstPerson.upack)
[2022.10.23-17.00.50:827][  0]LogPakFile: OnPakFileMounted2Time == 0.000990
[2022.10.23-17.00.50:838][  0]LogPakFile: PakFile PrimaryIndexSize=189
[2022.10.23-17.00.50:838][  0]LogPakFile: PakFile PathHashIndexSize=101
[2022.10.23-17.00.50:838][  0]LogPakFile: PakFile FullDirectoryIndexSize=152
[2022.10.23-17.00.50:838][  0]LogShaderLibrary: Display: ShaderCodeLibraryPakFileMountedCallback: PakFile 'C:/Program Files/Epic Games/UE_4.27/FeaturePacks/FP_FirstPersonBP.upack' (chunk index -1, root 'root:/') mounted
[2022.10.23-17.00.50:838][  0]LogShaderLibrary: Display: ShaderCodeLibraryPakFileMountedCallback: pending pak file info (ChunkID:-1 Root:root:/ File:C:/Program Files/Epic Games/UE_4.27/FeaturePacks/FP_FirstPersonBP.upack)
[2022.10.23-17.00.50:838][  0]LogPakFile: OnPakFileMounted2Time == 0.000050
[2022.10.23-17.00.50:846][  0]LogPakFile: PakFile PrimaryIndexSize=191
[2022.10.23-17.00.50:847][  0]LogPakFile: PakFile PathHashIndexSize=101
[2022.10.23-17.00.50:847][  0]LogPakFile: PakFile FullDirectoryIndexSize=160
[2022.10.23-17.00.50:847][  0]LogShaderLibrary: Display: ShaderCodeLibraryPakFileMountedCallback: PakFile 'C:/Program Files/Epic Games/UE_4.27/FeaturePacks/MobileStarterContent.upack' (chunk index -1, root 'root:/') mounted
[2022.10.23-17.00.50:847][  0]LogShaderLibrary: Display: ShaderCodeLibraryPakFileMountedCallback: pending pak file info (ChunkID:-1 Root:root:/ File:C:/Program Files/Epic Games/UE_4.27/FeaturePacks/MobileStarterContent.upack)
[2022.10.23-17.00.50:847][  0]LogPakFile: OnPakFileMounted2Time == 0.000082
[2022.10.23-17.00.50:856][  0]LogPakFile: PakFile PrimaryIndexSize=185
[2022.10.23-17.00.50:856][  0]LogPakFile: PakFile PathHashIndexSize=101
[2022.10.23-17.00.50:856][  0]LogPakFile: PakFile FullDirectoryIndexSize=148
[2022.10.23-17.00.50:856][  0]LogShaderLibrary: Display: ShaderCodeLibraryPakFileMountedCallback: PakFile 'C:/Program Files/Epic Games/UE_4.27/FeaturePacks/StarterContent.upack' (chunk index -1, root 'root:/') mounted
[2022.10.23-17.00.50:856][  0]LogShaderLibrary: Display: ShaderCodeLibraryPakFileMountedCallback: pending pak file info (ChunkID:-1 Root:root:/ File:C:/Program Files/Epic Games/UE_4.27/FeaturePacks/StarterContent.upack)
[2022.10.23-17.00.50:857][  0]LogPakFile: OnPakFileMounted2Time == 0.000070
[2022.10.23-17.00.50:866][  0]LogPakFile: PakFile PrimaryIndexSize=190
[2022.10.23-17.00.50:866][  0]LogPakFile: PakFile PathHashIndexSize=101
[2022.10.23-17.00.50:866][  0]LogPakFile: PakFile FullDirectoryIndexSize=154
[2022.10.23-17.00.50:866][  0]LogShaderLibrary: Display: ShaderCodeLibraryPakFileMountedCallback: PakFile 'C:/Program Files/Epic Games/UE_4.27/FeaturePacks/TP_2DSideScroller.upack' (chunk index -1, root 'root:/') mounted
[2022.10.23-17.00.50:866][  0]LogShaderLibrary: Display: ShaderCodeLibraryPakFileMountedCallback: pending pak file info (ChunkID:-1 Root:root:/ File:C:/Program Files/Epic Games/UE_4.27/FeaturePacks/TP_2DSideScroller.upack)
[2022.10.23-17.00.50:866][  0]LogPakFile: OnPakFileMounted2Time == 0.000046
[2022.10.23-17.00.50:875][  0]LogPakFile: PakFile PrimaryIndexSize=192
[2022.10.23-17.00.50:875][  0]LogPakFile: PakFile PathHashIndexSize=101
[2022.10.23-17.00.50:875][  0]LogPakFile: PakFile FullDirectoryIndexSize=158
[2022.10.23-17.00.50:875][  0]LogShaderLibrary: Display: ShaderCodeLibraryPakFileMountedCallback: PakFile 'C:/Program Files/Epic Games/UE_4.27/FeaturePacks/TP_2DSideScrollerBP.upack' (chunk index -1, root 'root:/') mounted
[2022.10.23-17.00.50:875][  0]LogShaderLibrary: Display: ShaderCodeLibraryPakFileMountedCallback: pending pak file info (ChunkID:-1 Root:root:/ File:C:/Program Files/Epic Games/UE_4.27/FeaturePacks/TP_2DSideScrollerBP.upack)
[2022.10.23-17.00.50:875][  0]LogPakFile: OnPakFileMounted2Time == 0.000050
[2022.10.23-17.00.50:883][  0]LogPakFile: PakFile PrimaryIndexSize=182
[2022.10.23-17.00.50:883][  0]LogPakFile: PakFile PathHashIndexSize=101
[2022.10.23-17.00.50:883][  0]LogPakFile: PakFile FullDirectoryIndexSize=138
[2022.10.23-17.00.50:883][  0]LogShaderLibrary: Display: ShaderCodeLibraryPakFileMountedCallback: PakFile 'C:/Program Files/Epic Games/UE_4.27/FeaturePacks/TP_Flying.upack' (chunk index -1, root 'root:/') mounted
[2022.10.23-17.00.50:883][  0]LogShaderLibrary: Display: ShaderCodeLibraryPakFileMountedCallback: pending pak file info (ChunkID:-1 Root:root:/ File:C:/Program Files/Epic Games/UE_4.27/FeaturePacks/TP_Flying.upack)
[2022.10.23-17.00.50:883][  0]LogPakFile: OnPakFileMounted2Time == 0.000050
[2022.10.23-17.00.50:893][  0]LogPakFile: PakFile PrimaryIndexSize=184
[2022.10.23-17.00.50:893][  0]LogPakFile: PakFile PathHashIndexSize=101
[2022.10.23-17.00.50:893][  0]LogPakFile: PakFile FullDirectoryIndexSize=142
[2022.10.23-17.00.50:893][  0]LogShaderLibrary: Display: ShaderCodeLibraryPakFileMountedCallback: PakFile 'C:/Program Files/Epic Games/UE_4.27/FeaturePacks/TP_FlyingBP.upack' (chunk index -1, root 'root:/') mounted
[2022.10.23-17.00.50:893][  0]LogShaderLibrary: Display: ShaderCodeLibraryPakFileMountedCallback: pending pak file info (ChunkID:-1 Root:root:/ File:C:/Program Files/Epic Games/UE_4.27/FeaturePacks/TP_FlyingBP.upack)
[2022.10.23-17.00.50:893][  0]LogPakFile: OnPakFileMounted2Time == 0.000055
[2022.10.23-17.00.50:903][  0]LogPakFile: PakFile PrimaryIndexSize=188
[2022.10.23-17.00.50:903][  0]LogPakFile: PakFile PathHashIndexSize=101
[2022.10.23-17.00.50:903][  0]LogPakFile: PakFile FullDirectoryIndexSize=150
[2022.10.23-17.00.50:903][  0]LogShaderLibrary: Display: ShaderCodeLibraryPakFileMountedCallback: PakFile 'C:/Program Files/Epic Games/UE_4.27/FeaturePacks/TP_HandheldARBP.upack' (chunk index -1, root 'root:/') mounted
[2022.10.23-17.00.50:903][  0]LogShaderLibrary: Display: ShaderCodeLibraryPakFileMountedCallback: pending pak file info (ChunkID:-1 Root:root:/ File:C:/Program Files/Epic Games/UE_4.27/FeaturePacks/TP_HandheldARBP.upack)
[2022.10.23-17.00.50:903][  0]LogPakFile: OnPakFileMounted2Time == 0.000051
[2022.10.23-17.00.50:913][  0]LogPakFile: PakFile PrimaryIndexSize=182
[2022.10.23-17.00.50:914][  0]LogPakFile: PakFile PathHashIndexSize=101
[2022.10.23-17.00.50:914][  0]LogPakFile: PakFile FullDirectoryIndexSize=138
[2022.10.23-17.00.50:914][  0]LogShaderLibrary: Display: ShaderCodeLibraryPakFileMountedCallback: PakFile 'C:/Program Files/Epic Games/UE_4.27/FeaturePacks/TP_Puzzle.upack' (chunk index -1, root 'root:/') mounted
[2022.10.23-17.00.50:914][  0]LogShaderLibrary: Display: ShaderCodeLibraryPakFileMountedCallback: pending pak file info (ChunkID:-1 Root:root:/ File:C:/Program Files/Epic Games/UE_4.27/FeaturePacks/TP_Puzzle.upack)
[2022.10.23-17.00.50:914][  0]LogPakFile: OnPakFileMounted2Time == 0.000040
[2022.10.23-17.00.50:920][  0]LogPakFile: PakFile PrimaryIndexSize=184
[2022.10.23-17.00.50:920][  0]LogPakFile: PakFile PathHashIndexSize=101
[2022.10.23-17.00.50:920][  0]LogPakFile: PakFile FullDirectoryIndexSize=142
[2022.10.23-17.00.50:920][  0]LogShaderLibrary: Display: ShaderCodeLibraryPakFileMountedCallback: PakFile 'C:/Program Files/Epic Games/UE_4.27/FeaturePacks/TP_PuzzleBP.upack' (chunk index -1, root 'root:/') mounted
[2022.10.23-17.00.50:920][  0]LogShaderLibrary: Display: ShaderCodeLibraryPakFileMountedCallback: pending pak file info (ChunkID:-1 Root:root:/ File:C:/Program Files/Epic Games/UE_4.27/FeaturePacks/TP_PuzzleBP.upack)
[2022.10.23-17.00.50:920][  0]LogPakFile: OnPakFileMounted2Time == 0.000072
[2022.10.23-17.00.50:928][  0]LogPakFile: PakFile PrimaryIndexSize=183
[2022.10.23-17.00.50:928][  0]LogPakFile: PakFile PathHashIndexSize=101
[2022.10.23-17.00.50:928][  0]LogPakFile: PakFile FullDirectoryIndexSize=140
[2022.10.23-17.00.50:929][  0]LogShaderLibrary: Display: ShaderCodeLibraryPakFileMountedCallback: PakFile 'C:/Program Files/Epic Games/UE_4.27/FeaturePacks/TP_Rolling.upack' (chunk index -1, root 'root:/') mounted
[2022.10.23-17.00.50:929][  0]LogShaderLibrary: Display: ShaderCodeLibraryPakFileMountedCallback: pending pak file info (ChunkID:-1 Root:root:/ File:C:/Program Files/Epic Games/UE_4.27/FeaturePacks/TP_Rolling.upack)
[2022.10.23-17.00.50:929][  0]LogPakFile: OnPakFileMounted2Time == 0.000096
[2022.10.23-17.00.50:936][  0]LogPakFile: PakFile PrimaryIndexSize=185
[2022.10.23-17.00.50:936][  0]LogPakFile: PakFile PathHashIndexSize=101
[2022.10.23-17.00.50:936][  0]LogPakFile: PakFile FullDirectoryIndexSize=144
[2022.10.23-17.00.50:936][  0]LogShaderLibrary: Display: ShaderCodeLibraryPakFileMountedCallback: PakFile 'C:/Program Files/Epic Games/UE_4.27/FeaturePacks/TP_RollingBP.upack' (chunk index -1, root 'root:/') mounted
[2022.10.23-17.00.50:936][  0]LogShaderLibrary: Display: ShaderCodeLibraryPakFileMountedCallback: pending pak file info (ChunkID:-1 Root:root:/ File:C:/Program Files/Epic Games/UE_4.27/FeaturePacks/TP_RollingBP.upack)
[2022.10.23-17.00.50:936][  0]LogPakFile: OnPakFileMounted2Time == 0.000065
[2022.10.23-17.00.50:946][  0]LogPakFile: PakFile PrimaryIndexSize=188
[2022.10.23-17.00.50:946][  0]LogPakFile: PakFile PathHashIndexSize=101
[2022.10.23-17.00.50:946][  0]LogPakFile: PakFile FullDirectoryIndexSize=150
[2022.10.23-17.00.50:946][  0]LogShaderLibrary: Display: ShaderCodeLibraryPakFileMountedCallback: PakFile 'C:/Program Files/Epic Games/UE_4.27/FeaturePacks/TP_SideScroller.upack' (chunk index -1, root 'root:/') mounted
[2022.10.23-17.00.50:946][  0]LogShaderLibrary: Display: ShaderCodeLibraryPakFileMountedCallback: pending pak file info (ChunkID:-1 Root:root:/ File:C:/Program Files/Epic Games/UE_4.27/FeaturePacks/TP_SideScroller.upack)
[2022.10.23-17.00.50:946][  0]LogPakFile: OnPakFileMounted2Time == 0.000060
[2022.10.23-17.00.50:957][  0]LogPakFile: PakFile PrimaryIndexSize=190
[2022.10.23-17.00.50:957][  0]LogPakFile: PakFile PathHashIndexSize=101
[2022.10.23-17.00.50:957][  0]LogPakFile: PakFile FullDirectoryIndexSize=154
[2022.10.23-17.00.50:957][  0]LogShaderLibrary: Display: ShaderCodeLibraryPakFileMountedCallback: PakFile 'C:/Program Files/Epic Games/UE_4.27/FeaturePacks/TP_SideScrollerBP.upack' (chunk index -1, root 'root:/') mounted
[2022.10.23-17.00.50:957][  0]LogShaderLibrary: Display: ShaderCodeLibraryPakFileMountedCallback: pending pak file info (ChunkID:-1 Root:root:/ File:C:/Program Files/Epic Games/UE_4.27/FeaturePacks/TP_SideScrollerBP.upack)
[2022.10.23-17.00.50:957][  0]LogPakFile: OnPakFileMounted2Time == 0.000094
[2022.10.23-17.00.50:970][  0]LogPakFile: PakFile PrimaryIndexSize=187
[2022.10.23-17.00.50:970][  0]LogPakFile: PakFile PathHashIndexSize=101
[2022.10.23-17.00.50:970][  0]LogPakFile: PakFile FullDirectoryIndexSize=148
[2022.10.23-17.00.50:970][  0]LogShaderLibrary: Display: ShaderCodeLibraryPakFileMountedCallback: PakFile 'C:/Program Files/Epic Games/UE_4.27/FeaturePacks/TP_ThirdPerson.upack' (chunk index -1, root 'root:/') mounted
[2022.10.23-17.00.50:971][  0]LogShaderLibrary: Display: ShaderCodeLibraryPakFileMountedCallback: pending pak file info (ChunkID:-1 Root:root:/ File:C:/Program Files/Epic Games/UE_4.27/FeaturePacks/TP_ThirdPerson.upack)
[2022.10.23-17.00.50:971][  0]LogPakFile: OnPakFileMounted2Time == 0.000089
[2022.10.23-17.00.50:982][  0]LogPakFile: PakFile PrimaryIndexSize=189
[2022.10.23-17.00.50:982][  0]LogPakFile: PakFile PathHashIndexSize=101
[2022.10.23-17.00.50:982][  0]LogPakFile: PakFile FullDirectoryIndexSize=152
[2022.10.23-17.00.50:982][  0]LogShaderLibrary: Display: ShaderCodeLibraryPakFileMountedCallback: PakFile 'C:/Program Files/Epic Games/UE_4.27/FeaturePacks/TP_ThirdPersonBP.upack' (chunk index -1, root 'root:/') mounted
[2022.10.23-17.00.50:982][  0]LogShaderLibrary: Display: ShaderCodeLibraryPakFileMountedCallback: pending pak file info (ChunkID:-1 Root:root:/ File:C:/Program Files/Epic Games/UE_4.27/FeaturePacks/TP_ThirdPersonBP.upack)
[2022.10.23-17.00.50:982][  0]LogPakFile: OnPakFileMounted2Time == 0.000056
[2022.10.23-17.00.50:994][  0]LogPakFile: PakFile PrimaryIndexSize=183
[2022.10.23-17.00.50:994][  0]LogPakFile: PakFile PathHashIndexSize=101
[2022.10.23-17.00.50:994][  0]LogPakFile: PakFile FullDirectoryIndexSize=140
[2022.10.23-17.00.50:994][  0]LogShaderLibrary: Display: ShaderCodeLibraryPakFileMountedCallback: PakFile 'C:/Program Files/Epic Games/UE_4.27/FeaturePacks/TP_TopDown.upack' (chunk index -1, root 'root:/') mounted
[2022.10.23-17.00.50:994][  0]LogShaderLibrary: Display: ShaderCodeLibraryPakFileMountedCallback: pending pak file info (ChunkID:-1 Root:root:/ File:C:/Program Files/Epic Games/UE_4.27/FeaturePacks/TP_TopDown.upack)
[2022.10.23-17.00.50:994][  0]LogPakFile: OnPakFileMounted2Time == 0.000102
[2022.10.23-17.00.51:007][  0]LogPakFile: PakFile PrimaryIndexSize=185
[2022.10.23-17.00.51:007][  0]LogPakFile: PakFile PathHashIndexSize=101
[2022.10.23-17.00.51:007][  0]LogPakFile: PakFile FullDirectoryIndexSize=144
[2022.10.23-17.00.51:007][  0]LogShaderLibrary: Display: ShaderCodeLibraryPakFileMountedCallback: PakFile 'C:/Program Files/Epic Games/UE_4.27/FeaturePacks/TP_TopDownBP.upack' (chunk index -1, root 'root:/') mounted
[2022.10.23-17.00.51:007][  0]LogShaderLibrary: Display: ShaderCodeLibraryPakFileMountedCallback: pending pak file info (ChunkID:-1 Root:root:/ File:C:/Program Files/Epic Games/UE_4.27/FeaturePacks/TP_TopDownBP.upack)
[2022.10.23-17.00.51:007][  0]LogPakFile: OnPakFileMounted2Time == 0.000091
[2022.10.23-17.00.51:022][  0]LogPakFile: PakFile PrimaryIndexSize=185
[2022.10.23-17.00.51:022][  0]LogPakFile: PakFile PathHashIndexSize=101
[2022.10.23-17.00.51:022][  0]LogPakFile: PakFile FullDirectoryIndexSize=144
[2022.10.23-17.00.51:022][  0]LogShaderLibrary: Display: ShaderCodeLibraryPakFileMountedCallback: PakFile 'C:/Program Files/Epic Games/UE_4.27/FeaturePacks/TP_TwinStick.upack' (chunk index -1, root 'root:/') mounted
[2022.10.23-17.00.51:022][  0]LogShaderLibrary: Display: ShaderCodeLibraryPakFileMountedCallback: pending pak file info (ChunkID:-1 Root:root:/ File:C:/Program Files/Epic Games/UE_4.27/FeaturePacks/TP_TwinStick.upack)
[2022.10.23-17.00.51:022][  0]LogPakFile: OnPakFileMounted2Time == 0.000048
[2022.10.23-17.00.51:032][  0]LogPakFile: PakFile PrimaryIndexSize=187
[2022.10.23-17.00.51:032][  0]LogPakFile: PakFile PathHashIndexSize=101
[2022.10.23-17.00.51:032][  0]LogPakFile: PakFile FullDirectoryIndexSize=148
[2022.10.23-17.00.51:032][  0]LogShaderLibrary: Display: ShaderCodeLibraryPakFileMountedCallback: PakFile 'C:/Program Files/Epic Games/UE_4.27/FeaturePacks/TP_TwinStickBP.upack' (chunk index -1, root 'root:/') mounted
[2022.10.23-17.00.51:032][  0]LogShaderLibrary: Display: ShaderCodeLibraryPakFileMountedCallback: pending pak file info (ChunkID:-1 Root:root:/ File:C:/Program Files/Epic Games/UE_4.27/FeaturePacks/TP_TwinStickBP.upack)
[2022.10.23-17.00.51:032][  0]LogPakFile: OnPakFileMounted2Time == 0.000053
[2022.10.23-17.00.51:043][  0]LogPakFile: PakFile PrimaryIndexSize=183
[2022.10.23-17.00.51:043][  0]LogPakFile: PakFile PathHashIndexSize=101
[2022.10.23-17.00.51:043][  0]LogPakFile: PakFile FullDirectoryIndexSize=140
[2022.10.23-17.00.51:043][  0]LogShaderLibrary: Display: ShaderCodeLibraryPakFileMountedCallback: PakFile 'C:/Program Files/Epic Games/UE_4.27/FeaturePacks/TP_Vehicle.upack' (chunk index -1, root 'root:/') mounted
[2022.10.23-17.00.51:043][  0]LogShaderLibrary: Display: ShaderCodeLibraryPakFileMountedCallback: pending pak file info (ChunkID:-1 Root:root:/ File:C:/Program Files/Epic Games/UE_4.27/FeaturePacks/TP_Vehicle.upack)
[2022.10.23-17.00.51:043][  0]LogPakFile: OnPakFileMounted2Time == 0.000063
[2022.10.23-17.00.51:053][  0]LogPakFile: PakFile PrimaryIndexSize=186
[2022.10.23-17.00.51:053][  0]LogPakFile: PakFile PathHashIndexSize=101
[2022.10.23-17.00.51:053][  0]LogPakFile: PakFile FullDirectoryIndexSize=146
[2022.10.23-17.00.51:053][  0]LogShaderLibrary: Display: ShaderCodeLibraryPakFileMountedCallback: PakFile 'C:/Program Files/Epic Games/UE_4.27/FeaturePacks/TP_VehicleAdv.upack' (chunk index -1, root 'root:/') mounted
[2022.10.23-17.00.51:053][  0]LogShaderLibrary: Display: ShaderCodeLibraryPakFileMountedCallback: pending pak file info (ChunkID:-1 Root:root:/ File:C:/Program Files/Epic Games/UE_4.27/FeaturePacks/TP_VehicleAdv.upack)
[2022.10.23-17.00.51:053][  0]LogPakFile: OnPakFileMounted2Time == 0.000047
[2022.10.23-17.00.51:065][  0]LogPakFile: PakFile PrimaryIndexSize=188
[2022.10.23-17.00.51:065][  0]LogPakFile: PakFile PathHashIndexSize=101
[2022.10.23-17.00.51:065][  0]LogPakFile: PakFile FullDirectoryIndexSize=150
[2022.10.23-17.00.51:065][  0]LogShaderLibrary: Display: ShaderCodeLibraryPakFileMountedCallback: PakFile 'C:/Program Files/Epic Games/UE_4.27/FeaturePacks/TP_VehicleAdvBP.upack' (chunk index -1, root 'root:/') mounted
[2022.10.23-17.00.51:065][  0]LogShaderLibrary: Display: ShaderCodeLibraryPakFileMountedCallback: pending pak file info (ChunkID:-1 Root:root:/ File:C:/Program Files/Epic Games/UE_4.27/FeaturePacks/TP_VehicleAdvBP.upack)
[2022.10.23-17.00.51:065][  0]LogPakFile: OnPakFileMounted2Time == 0.000051
[2022.10.23-17.00.51:074][  0]LogPakFile: PakFile PrimaryIndexSize=185
[2022.10.23-17.00.51:074][  0]LogPakFile: PakFile PathHashIndexSize=101
[2022.10.23-17.00.51:074][  0]LogPakFile: PakFile FullDirectoryIndexSize=144
[2022.10.23-17.00.51:074][  0]LogShaderLibrary: Display: ShaderCodeLibraryPakFileMountedCallback: PakFile 'C:/Program Files/Epic Games/UE_4.27/FeaturePacks/TP_VehicleBP.upack' (chunk index -1, root 'root:/') mounted
[2022.10.23-17.00.51:074][  0]LogShaderLibrary: Display: ShaderCodeLibraryPakFileMountedCallback: pending pak file info (ChunkID:-1 Root:root:/ File:C:/Program Files/Epic Games/UE_4.27/FeaturePacks/TP_VehicleBP.upack)
[2022.10.23-17.00.51:074][  0]LogPakFile: OnPakFileMounted2Time == 0.000048
[2022.10.23-17.00.51:085][  0]LogPakFile: PakFile PrimaryIndexSize=192
[2022.10.23-17.00.51:085][  0]LogPakFile: PakFile PathHashIndexSize=101
[2022.10.23-17.00.51:085][  0]LogPakFile: PakFile FullDirectoryIndexSize=158
[2022.10.23-17.00.51:085][  0]LogShaderLibrary: Display: ShaderCodeLibraryPakFileMountedCallback: PakFile 'C:/Program Files/Epic Games/UE_4.27/FeaturePacks/TP_VirtualRealityBP.upack' (chunk index -1, root 'root:/') mounted
[2022.10.23-17.00.51:085][  0]LogShaderLibrary: Display: ShaderCodeLibraryPakFileMountedCallback: pending pak file info (ChunkID:-1 Root:root:/ File:C:/Program Files/Epic Games/UE_4.27/FeaturePacks/TP_VirtualRealityBP.upack)
[2022.10.23-17.00.51:085][  0]LogPakFile: OnPakFileMounted2Time == 0.000063
[2022.10.23-17.00.51:506][  0]LogNativeClassHierarchy: Verbose: Native class hierarchy updated for 'AddContentDialog' in 0.0005 seconds. Added 0 classes and 0 folders.
[2022.10.23-17.00.51:514][  0]LogNativeClassHierarchy: Verbose: Native class hierarchy updated for 'SceneOutliner' in 0.0004 seconds. Added 2 classes and 0 folders.
[2022.10.23-17.00.52:454][  0]LogSlate: Only BGRA pngs, bmps or icos are supported in by External Image Picker
[2022.10.23-17.00.52:624][  0]LogSlate: Took 0.008753 seconds to synchronously load lazily loaded font '../../../Engine/Content/Slate/Fonts/Roboto-Regular.ttf' (155K)
[2022.10.23-17.00.53:642][  0]LogSlate: Took 0.008305 seconds to synchronously load lazily loaded font '../../../Engine/Content/Editor/Slate/Fonts/FontAwesome.ttf' (139K)
[2022.10.23-17.00.53:654][  0]LogSlate: Took 0.006079 seconds to synchronously load lazily loaded font '../../../Engine/Content/Slate/Fonts/Roboto-Bold.ttf' (160K)
[2022.10.23-17.00.53:993][  0]LogRenderer: Reallocating scene render targets to support 1208x572 Format 10 NumSamples 1 (Frame:1).
[2022.10.23-17.00.54:227][  0]LogSlate: Took 0.009402 seconds to synchronously load lazily loaded font '../../../Engine/Content/Slate/Fonts/Roboto-Light.ttf' (167K)
[2022.10.23-17.00.54:508][  0]LogNativeClassHierarchy: Verbose: Native class hierarchy updated for 'HierarchicalLODOutliner' in 0.0011 seconds. Added 0 classes and 0 folders.
[2022.10.23-17.00.54:514][  0]LogLoad: (Engine Initialization) Total time: 33.65 seconds
[2022.10.23-17.00.54:514][  0]LogLoad: (Engine Initialization) Total Blueprint compile time: 0.00 seconds
[2022.10.23-17.00.54:606][  0]LogAssetRegistry: Asset discovery search completed in 12.8203 seconds
[2022.10.23-17.00.54:623][  0]LogCollectionManager: Fixed up redirectors for 0 collections in 0.000009 seconds (updated 0 objects)
[2022.10.23-17.00.54:627][  0]LogContentStreaming: Texture pool size now 1000 MB
[2022.10.23-17.00.55:883][  4]LogSlate: Took 0.000256 seconds to synchronously load lazily loaded font '../../../Engine/Content/Slate/Fonts/Roboto-Light.ttf' (167K)
